[INFO]-[2021/09/01 02:14:07] Cloning: 1630462447000's clone job's data is not in database, generating data
[INFO]-[2021/09/01 02:14:09] DB Copy: Creating table wpstg0_actionscheduler_actions
[INFO]-[2021/09/01 02:14:09] DB Copy: Table wp_actionscheduler_actions contains 13 rows 
[INFO]-[2021/09/01 02:14:09] DB Copy: wp_actionscheduler_actions as wpstg0_actionscheduler_actions from 0 to 10000 records
[INFO]-[2021/09/01 02:14:09] DB Copy: Creating table wpstg0_actionscheduler_claims
[INFO]-[2021/09/01 02:14:09] DB Copy: Table wp_actionscheduler_claims contains 0 rows 
[INFO]-[2021/09/01 02:14:09] DB Copy: Creating table wpstg0_actionscheduler_groups
[INFO]-[2021/09/01 02:14:09] DB Copy: Table wp_actionscheduler_groups contains 2 rows 
[INFO]-[2021/09/01 02:14:09] DB Copy: wp_actionscheduler_groups as wpstg0_actionscheduler_groups from 0 to 10000 records
[INFO]-[2021/09/01 02:14:10] DB Copy: Creating table wpstg0_actionscheduler_logs
[INFO]-[2021/09/01 02:14:10] DB Copy: Table wp_actionscheduler_logs contains 39 rows 
[INFO]-[2021/09/01 02:14:10] DB Copy: wp_actionscheduler_logs as wpstg0_actionscheduler_logs from 0 to 10000 records
[INFO]-[2021/09/01 02:14:10] DB Copy: Creating table wpstg0_commentmeta
[INFO]-[2021/09/01 02:14:10] DB Copy: Table wp_commentmeta contains 0 rows 
[INFO]-[2021/09/01 02:14:10] DB Copy: Creating table wpstg0_comments
[INFO]-[2021/09/01 02:14:10] DB Copy: Table wp_comments contains 1 rows 
[INFO]-[2021/09/01 02:14:10] DB Copy: wp_comments as wpstg0_comments from 0 to 10000 records
[INFO]-[2021/09/01 02:14:10] DB Copy: Creating table wpstg0_duplicator_packages
[INFO]-[2021/09/01 02:14:10] DB Copy: Table wp_duplicator_packages contains 2 rows 
[INFO]-[2021/09/01 02:14:10] DB Copy: wp_duplicator_packages as wpstg0_duplicator_packages from 0 to 10000 records
[INFO]-[2021/09/01 02:14:11] DB Copy: Creating table wpstg0_links
[INFO]-[2021/09/01 02:14:11] DB Copy: Table wp_links contains 0 rows 
[INFO]-[2021/09/01 02:14:11] DB Copy: Creating table wpstg0_ms_snippets
[INFO]-[2021/09/01 02:14:11] DB Copy: Table wp_ms_snippets contains 0 rows 
[INFO]-[2021/09/01 02:14:11] DB Copy: Creating table wpstg0_nextend2_image_storage
[INFO]-[2021/09/01 02:14:11] DB Copy: Table wp_nextend2_image_storage contains 10 rows 
[INFO]-[2021/09/01 02:14:11] DB Copy: wp_nextend2_image_storage as wpstg0_nextend2_image_storage from 0 to 10000 records
[INFO]-[2021/09/01 02:14:12] DB Copy: Creating table wpstg0_nextend2_section_storage
[INFO]-[2021/09/01 02:14:12] DB Copy: Table wp_nextend2_section_storage contains 5 rows 
[INFO]-[2021/09/01 02:14:12] DB Copy: wp_nextend2_section_storage as wpstg0_nextend2_section_storage from 0 to 10000 records
[INFO]-[2021/09/01 02:14:12] DB Copy: Creating table wpstg0_nextend2_smartslider3_generators
[INFO]-[2021/09/01 02:14:12] DB Copy: Table wp_nextend2_smartslider3_generators contains 0 rows 
[INFO]-[2021/09/01 02:14:12] DB Copy: Creating table wpstg0_nextend2_smartslider3_sliders
[INFO]-[2021/09/01 02:14:12] DB Copy: Table wp_nextend2_smartslider3_sliders contains 6 rows 
[INFO]-[2021/09/01 02:14:12] DB Copy: wp_nextend2_smartslider3_sliders as wpstg0_nextend2_smartslider3_sliders from 0 to 10000 records
[INFO]-[2021/09/01 02:14:13] DB Copy: Creating table wpstg0_nextend2_smartslider3_sliders_xref
[INFO]-[2021/09/01 02:14:13] DB Copy: Table wp_nextend2_smartslider3_sliders_xref contains 5 rows 
[INFO]-[2021/09/01 02:14:13] DB Copy: wp_nextend2_smartslider3_sliders_xref as wpstg0_nextend2_smartslider3_sliders_xref from 0 to 10000 records
[INFO]-[2021/09/01 02:14:13] DB Copy: Creating table wpstg0_nextend2_smartslider3_slides
[INFO]-[2021/09/01 02:14:13] DB Copy: Table wp_nextend2_smartslider3_slides contains 17 rows 
[INFO]-[2021/09/01 02:14:13] DB Copy: wp_nextend2_smartslider3_slides as wpstg0_nextend2_smartslider3_slides from 0 to 10000 records
[INFO]-[2021/09/01 02:14:13] DB Copy: Creating table wpstg0_options
[INFO]-[2021/09/01 02:14:13] DB Copy: Table wp_options contains 308 rows 
[INFO]-[2021/09/01 02:14:13] DB Copy: wp_options as wpstg0_options from 0 to 10000 records
[INFO]-[2021/09/01 02:14:14] DB Copy: Creating table wpstg0_postmeta
[INFO]-[2021/09/01 02:14:14] DB Copy: Table wp_postmeta contains 2979 rows 
[INFO]-[2021/09/01 02:14:14] DB Copy: wp_postmeta as wpstg0_postmeta from 0 to 10000 records
[INFO]-[2021/09/01 02:14:14] DB Copy: Creating table wpstg0_posts
[INFO]-[2021/09/01 02:14:14] DB Copy: Table wp_posts contains 928 rows 
[INFO]-[2021/09/01 02:14:14] DB Copy: wp_posts as wpstg0_posts from 0 to 10000 records
[INFO]-[2021/09/01 02:14:15] DB Copy: Creating table wpstg0_snippets
[INFO]-[2021/09/01 02:14:15] DB Copy: Table wp_snippets contains 5 rows 
[INFO]-[2021/09/01 02:14:15] DB Copy: wp_snippets as wpstg0_snippets from 0 to 10000 records
[INFO]-[2021/09/01 02:14:15] DB Copy: Creating table wpstg0_term_relationships
[INFO]-[2021/09/01 02:14:15] DB Copy: Table wp_term_relationships contains 16 rows 
[INFO]-[2021/09/01 02:14:15] DB Copy: wp_term_relationships as wpstg0_term_relationships from 0 to 10000 records
[INFO]-[2021/09/01 02:14:16] DB Copy: Creating table wpstg0_term_taxonomy
[INFO]-[2021/09/01 02:14:16] DB Copy: Table wp_term_taxonomy contains 5 rows 
[INFO]-[2021/09/01 02:14:16] DB Copy: wp_term_taxonomy as wpstg0_term_taxonomy from 0 to 10000 records
[INFO]-[2021/09/01 02:14:16] DB Copy: Creating table wpstg0_termmeta
[INFO]-[2021/09/01 02:14:16] DB Copy: Table wp_termmeta contains 0 rows 
[INFO]-[2021/09/01 02:14:16] DB Copy: Creating table wpstg0_terms
[INFO]-[2021/09/01 02:14:16] DB Copy: Table wp_terms contains 5 rows 
[INFO]-[2021/09/01 02:14:16] DB Copy: wp_terms as wpstg0_terms from 0 to 10000 records
[INFO]-[2021/09/01 02:14:17] DB Copy: Creating table wpstg0_usermeta
[INFO]-[2021/09/01 02:14:17] DB Copy: Table wp_usermeta contains 31 rows 
[INFO]-[2021/09/01 02:14:17] DB Copy: wp_usermeta as wpstg0_usermeta from 0 to 10000 records
[INFO]-[2021/09/01 02:14:17] DB Copy: Creating table wpstg0_users
[INFO]-[2021/09/01 02:14:17] DB Copy: Table wp_users contains 1 rows 
[INFO]-[2021/09/01 02:14:17] DB Copy: wp_users as wpstg0_users from 0 to 10000 records
[INFO]-[2021/09/01 02:14:17] DB Copy: Creating table wpstg0_vp_id
[INFO]-[2021/09/01 02:14:17] DB Copy: Table wp_vp_id contains 738 rows 
[INFO]-[2021/09/01 02:14:17] DB Copy: wp_vp_id as wpstg0_vp_id from 0 to 10000 records
[INFO]-[2021/09/01 02:14:17] DB Copy: Creating table wpstg0_weforms_entries
[INFO]-[2021/09/01 02:14:17] DB Copy: Table wp_weforms_entries contains 40 rows 
[INFO]-[2021/09/01 02:14:17] DB Copy: wp_weforms_entries as wpstg0_weforms_entries from 0 to 10000 records
[INFO]-[2021/09/01 02:14:18] DB Copy: Creating table wpstg0_weforms_entrymeta
[INFO]-[2021/09/01 02:14:18] DB Copy: Table wp_weforms_entrymeta contains 77 rows 
[INFO]-[2021/09/01 02:14:18] DB Copy: wp_weforms_entrymeta as wpstg0_weforms_entrymeta from 0 to 10000 records
[INFO]-[2021/09/01 02:14:18] DB Copy: Creating table wpstg0_wpmailsmtp_tasks_meta
[INFO]-[2021/09/01 02:14:18] DB Copy: Table wp_wpmailsmtp_tasks_meta contains 3 rows 
[INFO]-[2021/09/01 02:14:18] DB Copy: wp_wpmailsmtp_tasks_meta as wpstg0_wpmailsmtp_tasks_meta from 0 to 10000 records
[INFO]-[2021/09/01 02:14:19] DB Search & Replace:  Table wpstg0_actionscheduler_actions 0 to 20000 records
[INFO]-[2021/09/01 02:14:19] DB Search & Replace:  Table wpstg0_actionscheduler_groups 0 to 20000 records
[INFO]-[2021/09/01 02:14:20] DB Search & Replace:  Table wpstg0_actionscheduler_logs 0 to 20000 records
[INFO]-[2021/09/01 02:14:20] DB Search & Replace:  Table wpstg0_comments 0 to 20000 records
[INFO]-[2021/09/01 02:14:21] DB Search & Replace:  Table wpstg0_duplicator_packages 0 to 20000 records
[INFO]-[2021/09/01 02:14:22] DB Search & Replace:  Table wpstg0_nextend2_image_storage 0 to 20000 records
[INFO]-[2021/09/01 02:14:22] DB Search & Replace:  Table wpstg0_nextend2_section_storage 0 to 20000 records
[INFO]-[2021/09/01 02:14:22] DB Search & Replace:  Table wpstg0_nextend2_smartslider3_sliders 0 to 20000 records
[INFO]-[2021/09/01 02:14:23] DB Search & Replace:  Table wpstg0_nextend2_smartslider3_sliders_xref 0 to 20000 records
[INFO]-[2021/09/01 02:14:23] DB Search & Replace:  Table wpstg0_nextend2_smartslider3_slides 0 to 20000 records
[INFO]-[2021/09/01 02:14:23] DB Search & Replace:  Table wpstg0_options 0 to 20000 records
[INFO]-[2021/09/01 02:14:24] DB Search & Replace:  Table wpstg0_postmeta 0 to 20000 records
[INFO]-[2021/09/01 02:14:27] DB Search & Replace:  Table wpstg0_posts 0 to 20000 records
[INFO]-[2021/09/01 02:14:32] DB Search & Replace:  Table wpstg0_snippets 0 to 20000 records
[INFO]-[2021/09/01 02:14:33] DB Search & Replace:  Table wpstg0_term_relationships 0 to 20000 records
[INFO]-[2021/09/01 02:14:33] DB Search & Replace:  Table wpstg0_term_taxonomy 0 to 20000 records
[INFO]-[2021/09/01 02:14:34] DB Search & Replace:  Table wpstg0_terms 0 to 20000 records
[INFO]-[2021/09/01 02:14:34] DB Search & Replace:  Table wpstg0_usermeta 0 to 20000 records
[INFO]-[2021/09/01 02:14:34] DB Search & Replace:  Table wpstg0_users 0 to 20000 records
[INFO]-[2021/09/01 02:14:34] DB Search & Replace:  Table wpstg0_vp_id 0 to 20000 records
[INFO]-[2021/09/01 02:14:35] DB Search & Replace:  Table wpstg0_weforms_entries 0 to 20000 records
[INFO]-[2021/09/01 02:14:35] DB Search & Replace:  Table wpstg0_weforms_entrymeta 0 to 20000 records
[INFO]-[2021/09/01 02:14:36] DB Search & Replace:  Table wpstg0_wpmailsmtp_tasks_meta 0 to 20000 records
[INFO]-[2021/09/01 02:14:36] Scanning / for its files
[INFO]-[2021/09/01 02:14:37] Scanning wp-content/plugins and its sub-directories and files
[INFO]-[2021/09/01 02:14:40] Scanning wp-content/mu-plugins and its sub-directories and files
[INFO]-[2021/09/01 02:14:40] Scanning wp-content/themes and its sub-directories and files
[INFO]-[2021/09/01 02:14:40] Scanning wp-content/uploads/ and its sub-directories and files
[INFO]-[2021/09/01 02:14:41] Scanning wp-content for other directories
[INFO]-[2021/09/01 02:14:42] Scanning wp-includes for its sub-directories and files
[INFO]-[2021/09/01 02:14:42] Scanning wp-admin for its sub-directories and files
[INFO]-[2021/09/01 02:14:43] Copying files...
[INFO]-[2021/09/01 02:14:43] Total 50 files processed
[INFO]-[2021/09/01 02:14:43] Total 100 files processed
[INFO]-[2021/09/01 02:14:44] Total 150 files processed
[INFO]-[2021/09/01 02:14:44] Total 200 files processed
[INFO]-[2021/09/01 02:14:44] Total 250 files processed
[INFO]-[2021/09/01 02:14:45] Total 300 files processed
[INFO]-[2021/09/01 02:14:45] Total 350 files processed
[INFO]-[2021/09/01 02:14:45] Total 400 files processed
[INFO]-[2021/09/01 02:14:46] Total 450 files processed
[INFO]-[2021/09/01 02:14:46] Total 500 files processed
[INFO]-[2021/09/01 02:14:47] Total 550 files processed
[INFO]-[2021/09/01 02:14:47] Total 600 files processed
[INFO]-[2021/09/01 02:14:47] Total 650 files processed
[INFO]-[2021/09/01 02:14:48] Total 700 files processed
[INFO]-[2021/09/01 02:14:48] Total 750 files processed
[INFO]-[2021/09/01 02:14:48] Total 800 files processed
[INFO]-[2021/09/01 02:14:49] Total 850 files processed
[INFO]-[2021/09/01 02:14:49] Total 900 files processed
[INFO]-[2021/09/01 02:14:49] Total 950 files processed
[INFO]-[2021/09/01 02:14:50] Total 1000 files processed
[INFO]-[2021/09/01 02:14:50] Total 1050 files processed
[INFO]-[2021/09/01 02:14:50] Total 1100 files processed
[INFO]-[2021/09/01 02:14:51] Total 1150 files processed
[INFO]-[2021/09/01 02:14:51] Total 1200 files processed
[INFO]-[2021/09/01 02:14:51] Total 1250 files processed
[INFO]-[2021/09/01 02:14:52] Total 1300 files processed
[INFO]-[2021/09/01 02:14:52] Total 1350 files processed
[INFO]-[2021/09/01 02:14:53] Total 1400 files processed
[INFO]-[2021/09/01 02:14:53] Total 1450 files processed
[INFO]-[2021/09/01 02:14:53] Total 1500 files processed
[INFO]-[2021/09/01 02:14:54] Total 1550 files processed
[INFO]-[2021/09/01 02:14:54] Total 1600 files processed
[INFO]-[2021/09/01 02:14:54] Total 1650 files processed
[INFO]-[2021/09/01 02:14:55] Total 1700 files processed
[INFO]-[2021/09/01 02:14:55] Total 1750 files processed
[INFO]-[2021/09/01 02:14:55] Total 1800 files processed
[INFO]-[2021/09/01 02:14:56] Total 1850 files processed
[INFO]-[2021/09/01 02:14:56] Total 1900 files processed
[INFO]-[2021/09/01 02:14:56] Total 1950 files processed
[INFO]-[2021/09/01 02:14:57] Total 2000 files processed
[INFO]-[2021/09/01 02:14:57] Total 2050 files processed
[INFO]-[2021/09/01 02:14:57] Total 2100 files processed
[INFO]-[2021/09/01 02:14:58] Total 2150 files processed
[INFO]-[2021/09/01 02:14:58] Total 2200 files processed
[INFO]-[2021/09/01 02:14:58] Total 2250 files processed
[INFO]-[2021/09/01 02:14:59] Total 2300 files processed
[INFO]-[2021/09/01 02:14:59] Total 2350 files processed
[INFO]-[2021/09/01 02:14:59] Total 2400 files processed
[INFO]-[2021/09/01 02:15:00] Total 2450 files processed
[INFO]-[2021/09/01 02:15:00] Total 2500 files processed
[INFO]-[2021/09/01 02:15:00] Total 2550 files processed
[INFO]-[2021/09/01 02:15:01] Total 2600 files processed
[INFO]-[2021/09/01 02:15:01] Total 2650 files processed
[INFO]-[2021/09/01 02:15:01] Total 2700 files processed
[INFO]-[2021/09/01 02:15:02] Total 2750 files processed
[INFO]-[2021/09/01 02:15:02] Total 2800 files processed
[INFO]-[2021/09/01 02:15:02] Total 2850 files processed
[INFO]-[2021/09/01 02:15:03] Total 2900 files processed
[INFO]-[2021/09/01 02:15:03] Total 2950 files processed
[INFO]-[2021/09/01 02:15:03] Total 3000 files processed
[INFO]-[2021/09/01 02:15:04] Total 3050 files processed
[INFO]-[2021/09/01 02:15:04] Total 3100 files processed
[INFO]-[2021/09/01 02:15:04] Total 3150 files processed
[INFO]-[2021/09/01 02:15:05] Total 3200 files processed
[INFO]-[2021/09/01 02:15:05] Total 3250 files processed
[INFO]-[2021/09/01 02:15:05] Total 3300 files processed
[INFO]-[2021/09/01 02:15:06] Total 3350 files processed
[INFO]-[2021/09/01 02:15:06] Total 3400 files processed
[INFO]-[2021/09/01 02:15:06] Total 3450 files processed
[INFO]-[2021/09/01 02:15:07] Total 3500 files processed
[INFO]-[2021/09/01 02:15:07] Total 3550 files processed
[INFO]-[2021/09/01 02:15:07] Total 3600 files processed
[INFO]-[2021/09/01 02:15:08] Total 3650 files processed
[INFO]-[2021/09/01 02:15:08] Total 3700 files processed
[INFO]-[2021/09/01 02:15:08] Total 3750 files processed
[INFO]-[2021/09/01 02:15:09] Total 3800 files processed
[INFO]-[2021/09/01 02:15:09] Total 3850 files processed
[INFO]-[2021/09/01 02:15:09] Total 3900 files processed
[INFO]-[2021/09/01 02:15:10] Total 3950 files processed
[INFO]-[2021/09/01 02:15:10] Total 4000 files processed
[INFO]-[2021/09/01 02:15:10] Total 4050 files processed
[INFO]-[2021/09/01 02:15:11] Total 4100 files processed
[INFO]-[2021/09/01 02:15:11] Total 4150 files processed
[INFO]-[2021/09/01 02:15:11] Total 4200 files processed
[INFO]-[2021/09/01 02:15:12] Total 4250 files processed
[INFO]-[2021/09/01 02:15:12] Total 4300 files processed
[INFO]-[2021/09/01 02:15:12] Total 4350 files processed
[INFO]-[2021/09/01 02:15:13] Total 4400 files processed
[INFO]-[2021/09/01 02:15:13] Total 4450 files processed
[INFO]-[2021/09/01 02:15:13] Total 4500 files processed
[INFO]-[2021/09/01 02:15:13] Total 4550 files processed
[INFO]-[2021/09/01 02:15:14] Total 4600 files processed
[INFO]-[2021/09/01 02:15:14] Total 4650 files processed
[INFO]-[2021/09/01 02:15:14] Total 4700 files processed
[INFO]-[2021/09/01 02:15:15] Total 4750 files processed
[INFO]-[2021/09/01 02:15:15] Total 4800 files processed
[INFO]-[2021/09/01 02:15:15] Total 4850 files processed
[INFO]-[2021/09/01 02:15:16] Total 4900 files processed
[INFO]-[2021/09/01 02:15:16] Total 4950 files processed
[INFO]-[2021/09/01 02:15:16] Total 5000 files processed
[INFO]-[2021/09/01 02:15:17] Total 5050 files processed
[INFO]-[2021/09/01 02:15:17] Total 5100 files processed
[INFO]-[2021/09/01 02:15:17] Total 5150 files processed
[INFO]-[2021/09/01 02:15:18] Total 5200 files processed
[INFO]-[2021/09/01 02:15:18] Total 5250 files processed
[INFO]-[2021/09/01 02:15:18] Total 5300 files processed
[INFO]-[2021/09/01 02:15:19] Total 5350 files processed
[INFO]-[2021/09/01 02:15:19] Total 5400 files processed
[INFO]-[2021/09/01 02:15:20] Total 5450 files processed
[INFO]-[2021/09/01 02:15:20] Total 5500 files processed
[INFO]-[2021/09/01 02:15:20] Total 5550 files processed
[INFO]-[2021/09/01 02:15:20] Total 5600 files processed
[INFO]-[2021/09/01 02:15:21] Total 5650 files processed
[INFO]-[2021/09/01 02:15:21] Total 5700 files processed
[INFO]-[2021/09/01 02:15:22] Total 5750 files processed
[INFO]-[2021/09/01 02:15:22] Total 5800 files processed
[INFO]-[2021/09/01 02:15:22] Total 5850 files processed
[INFO]-[2021/09/01 02:15:23] Total 5900 files processed
[INFO]-[2021/09/01 02:15:23] Total 5950 files processed
[INFO]-[2021/09/01 02:15:24] Total 6000 files processed
[INFO]-[2021/09/01 02:15:24] Total 6050 files processed
[INFO]-[2021/09/01 02:15:24] Total 6100 files processed
[INFO]-[2021/09/01 02:15:25] Total 6150 files processed
[INFO]-[2021/09/01 02:15:25] Total 6200 files processed
[INFO]-[2021/09/01 02:15:25] Total 6250 files processed
[INFO]-[2021/09/01 02:15:26] Total 6300 files processed
[INFO]-[2021/09/01 02:15:26] Total 6350 files processed
[INFO]-[2021/09/01 02:15:26] Total 6400 files processed
[INFO]-[2021/09/01 02:15:27] Total 6450 files processed
[INFO]-[2021/09/01 02:15:27] Total 6500 files processed
[INFO]-[2021/09/01 02:15:28] Total 6550 files processed
[INFO]-[2021/09/01 02:15:28] Total 6600 files processed
[INFO]-[2021/09/01 02:15:29] Total 6650 files processed
[INFO]-[2021/09/01 02:15:29] Total 6700 files processed
[INFO]-[2021/09/01 02:15:29] Total 6750 files processed
[INFO]-[2021/09/01 02:15:30] Total 6800 files processed
[INFO]-[2021/09/01 02:15:30] Total 6850 files processed
[INFO]-[2021/09/01 02:15:30] Total 6900 files processed
[INFO]-[2021/09/01 02:15:31] Total 6950 files processed
[INFO]-[2021/09/01 02:15:31] Total 7000 files processed
[INFO]-[2021/09/01 02:15:31] Total 7050 files processed
[INFO]-[2021/09/01 02:15:32] Total 7100 files processed
[INFO]-[2021/09/01 02:15:32] Total 7150 files processed
[INFO]-[2021/09/01 02:15:32] Total 7200 files processed
[INFO]-[2021/09/01 02:15:33] Total 7250 files processed
[INFO]-[2021/09/01 02:15:33] Total 7300 files processed
[INFO]-[2021/09/01 02:15:33] Total 7350 files processed
[INFO]-[2021/09/01 02:15:34] Total 7400 files processed
[INFO]-[2021/09/01 02:15:34] Total 7450 files processed
[INFO]-[2021/09/01 02:15:34] Total 7500 files processed
[INFO]-[2021/09/01 02:15:35] Total 7550 files processed
[INFO]-[2021/09/01 02:15:35] Total 7600 files processed
[INFO]-[2021/09/01 02:15:35] Total 7650 files processed
[INFO]-[2021/09/01 02:15:36] Total 7700 files processed
[INFO]-[2021/09/01 02:15:36] Total 7750 files processed
[INFO]-[2021/09/01 02:15:36] Total 7800 files processed
[INFO]-[2021/09/01 02:15:37] Total 7850 files processed
[INFO]-[2021/09/01 02:15:37] Total 7900 files processed
[INFO]-[2021/09/01 02:15:37] Total 7950 files processed
[INFO]-[2021/09/01 02:15:38] Total 8000 files processed
[INFO]-[2021/09/01 02:15:38] Total 8050 files processed
[INFO]-[2021/09/01 02:15:39] Total 8100 files processed
[INFO]-[2021/09/01 02:15:39] Total 8150 files processed
[INFO]-[2021/09/01 02:15:39] Total 8200 files processed
[INFO]-[2021/09/01 02:15:40] Total 8250 files processed
[INFO]-[2021/09/01 02:15:40] Total 8300 files processed
[INFO]-[2021/09/01 02:15:40] Total 8350 files processed
[INFO]-[2021/09/01 02:15:41] Total 8400 files processed
[INFO]-[2021/09/01 02:15:41] Total 8450 files processed
[INFO]-[2021/09/01 02:15:41] Total 8500 files processed
[INFO]-[2021/09/01 02:15:42] Total 8550 files processed
[INFO]-[2021/09/01 02:15:42] Total 8600 files processed
[INFO]-[2021/09/01 02:15:42] Total 8650 files processed
[INFO]-[2021/09/01 02:15:43] Total 8700 files processed
[INFO]-[2021/09/01 02:15:43] Total 8750 files processed
[INFO]-[2021/09/01 02:15:44] Total 8800 files processed
[INFO]-[2021/09/01 02:15:44] Total 8850 files processed
[INFO]-[2021/09/01 02:15:44] Total 8900 files processed
[INFO]-[2021/09/01 02:15:45] Total 8950 files processed
[INFO]-[2021/09/01 02:15:45] Total 9000 files processed
[INFO]-[2021/09/01 02:15:45] Total 9050 files processed
[INFO]-[2021/09/01 02:15:46] Total 9100 files processed
[INFO]-[2021/09/01 02:15:46] Total 9150 files processed
[INFO]-[2021/09/01 02:15:46] Total 9200 files processed
[INFO]-[2021/09/01 02:15:47] Total 9250 files processed
[INFO]-[2021/09/01 02:15:47] Total 9300 files processed
[INFO]-[2021/09/01 02:15:47] Total 9350 files processed
[INFO]-[2021/09/01 02:15:48] Total 9400 files processed
[INFO]-[2021/09/01 02:15:48] Total 9450 files processed
[INFO]-[2021/09/01 02:15:48] Total 9500 files processed
[INFO]-[2021/09/01 02:15:48] Total 9550 files processed
[INFO]-[2021/09/01 02:15:49] Total 9600 files processed
[INFO]-[2021/09/01 02:15:49] Total 9650 files processed
[INFO]-[2021/09/01 02:15:49] Total 9700 files processed
[INFO]-[2021/09/01 02:15:50] Total 9750 files processed
[INFO]-[2021/09/01 02:15:50] Total 9800 files processed
[INFO]-[2021/09/01 02:15:50] Total 9850 files processed
[INFO]-[2021/09/01 02:15:51] Total 9900 files processed
[INFO]-[2021/09/01 02:15:51] Total 9950 files processed
[INFO]-[2021/09/01 02:15:51] Total 10000 files processed
[INFO]-[2021/09/01 02:15:52] Total 10050 files processed
[INFO]-[2021/09/01 02:15:52] Total 10100 files processed
[INFO]-[2021/09/01 02:15:52] Total 10150 files processed
[INFO]-[2021/09/01 02:15:52] Total 10200 files processed
[INFO]-[2021/09/01 02:15:53] Total 10250 files processed
[INFO]-[2021/09/01 02:15:53] Total 10300 files processed
[INFO]-[2021/09/01 02:15:53] Total 10350 files processed
[INFO]-[2021/09/01 02:15:54] Total 10400 files processed
[INFO]-[2021/09/01 02:15:54] Total 10450 files processed
[INFO]-[2021/09/01 02:15:54] Total 10500 files processed
[INFO]-[2021/09/01 02:15:55] Total 10550 files processed
[INFO]-[2021/09/01 02:15:55] Total 10600 files processed
[INFO]-[2021/09/01 02:15:55] Total 10650 files processed
[INFO]-[2021/09/01 02:15:56] Total 10700 files processed
[INFO]-[2021/09/01 02:15:56] Total 10750 files processed
[INFO]-[2021/09/01 02:15:56] Total 10800 files processed
[INFO]-[2021/09/01 02:15:57] Total 10850 files processed
[INFO]-[2021/09/01 02:15:57] Total 10900 files processed
[INFO]-[2021/09/01 02:15:57] Total 10950 files processed
[INFO]-[2021/09/01 02:15:58] Total 11000 files processed
[INFO]-[2021/09/01 02:15:58] Total 11050 files processed
[INFO]-[2021/09/01 02:15:58] Total 11100 files processed
[INFO]-[2021/09/01 02:15:58] Total 11150 files processed
[INFO]-[2021/09/01 02:15:59] Total 11200 files processed
[INFO]-[2021/09/01 02:15:59] Total 11250 files processed
[INFO]-[2021/09/01 02:15:59] Total 11300 files processed
[INFO]-[2021/09/01 02:16:00] Total 11350 files processed
[INFO]-[2021/09/01 02:16:00] Total 11400 files processed
[INFO]-[2021/09/01 02:16:00] Total 11450 files processed
[INFO]-[2021/09/01 02:16:01] Total 11500 files processed
[INFO]-[2021/09/01 02:16:02] Total 11550 files processed
[INFO]-[2021/09/01 02:16:02] Total 11600 files processed
[INFO]-[2021/09/01 02:16:02] Total 11650 files processed
[INFO]-[2021/09/01 02:16:02] Total 11700 files processed
[INFO]-[2021/09/01 02:16:03] Total 11750 files processed
[INFO]-[2021/09/01 02:16:03] Total 11800 files processed
[INFO]-[2021/09/01 02:16:03] Total 11850 files processed
[INFO]-[2021/09/01 02:16:04] Total 11900 files processed
[INFO]-[2021/09/01 02:16:04] Total 11950 files processed
[INFO]-[2021/09/01 02:16:04] Total 12000 files processed
[INFO]-[2021/09/01 02:16:05] Total 12050 files processed
[INFO]-[2021/09/01 02:16:05] Total 12100 files processed
[INFO]-[2021/09/01 02:16:05] Total 12150 files processed
[INFO]-[2021/09/01 02:16:06] Total 12200 files processed
[INFO]-[2021/09/01 02:16:06] Total 12250 files processed
[INFO]-[2021/09/01 02:16:06] Total 12300 files processed
[INFO]-[2021/09/01 02:16:06] Total 12350 files processed
[INFO]-[2021/09/01 02:16:07] Total 12400 files processed
[INFO]-[2021/09/01 02:16:07] Total 12450 files processed
[INFO]-[2021/09/01 02:16:07] Total 12500 files processed
[INFO]-[2021/09/01 02:16:08] Total 12550 files processed
[INFO]-[2021/09/01 02:16:08] Total 12600 files processed
[INFO]-[2021/09/01 02:16:08] Total 12650 files processed
[INFO]-[2021/09/01 02:16:09] Total 12700 files processed
[INFO]-[2021/09/01 02:16:09] Total 12750 files processed
[INFO]-[2021/09/01 02:16:09] Total 12800 files processed
[INFO]-[2021/09/01 02:16:10] Total 12850 files processed
[INFO]-[2021/09/01 02:16:10] Total 12900 files processed
[INFO]-[2021/09/01 02:16:10] Total 12950 files processed
[INFO]-[2021/09/01 02:16:11] Total 13000 files processed
[INFO]-[2021/09/01 02:16:11] Total 13050 files processed
[INFO]-[2021/09/01 02:16:11] Total 13100 files processed
[INFO]-[2021/09/01 02:16:12] Total 13150 files processed
[INFO]-[2021/09/01 02:16:12] Total 13200 files processed
[INFO]-[2021/09/01 02:16:12] Total 13250 files processed
[INFO]-[2021/09/01 02:16:13] Total 13300 files processed
[INFO]-[2021/09/01 02:16:13] Total 13350 files processed
[INFO]-[2021/09/01 02:16:13] Total 13400 files processed
[INFO]-[2021/09/01 02:16:14] Total 13450 files processed
[INFO]-[2021/09/01 02:16:14] Total 13500 files processed
[INFO]-[2021/09/01 02:16:14] Total 13550 files processed
[INFO]-[2021/09/01 02:16:15] Total 13600 files processed
[INFO]-[2021/09/01 02:16:15] Total 13650 files processed
[INFO]-[2021/09/01 02:16:15] Total 13700 files processed
[INFO]-[2021/09/01 02:16:16] Total 13750 files processed
[INFO]-[2021/09/01 02:16:16] Total 13800 files processed
[INFO]-[2021/09/01 02:16:16] Total 13850 files processed
[INFO]-[2021/09/01 02:16:17] Total 13900 files processed
[INFO]-[2021/09/01 02:16:17] Total 13950 files processed
[INFO]-[2021/09/01 02:16:17] Total 14000 files processed
[INFO]-[2021/09/01 02:16:18] Total 14050 files processed
[INFO]-[2021/09/01 02:16:18] Total 14100 files processed
[INFO]-[2021/09/01 02:16:18] Total 14150 files processed
[INFO]-[2021/09/01 02:16:19] Total 14200 files processed
[INFO]-[2021/09/01 02:16:19] Total 14250 files processed
[INFO]-[2021/09/01 02:16:19] Total 14300 files processed
[INFO]-[2021/09/01 02:16:20] Total 14350 files processed
[INFO]-[2021/09/01 02:16:20] Total 14400 files processed
[INFO]-[2021/09/01 02:16:20] Total 14450 files processed
[INFO]-[2021/09/01 02:16:21] Total 14500 files processed
[INFO]-[2021/09/01 02:16:21] Total 14550 files processed
[INFO]-[2021/09/01 02:16:21] Total 14600 files processed
[INFO]-[2021/09/01 02:16:22] Total 14650 files processed
[INFO]-[2021/09/01 02:16:22] Total 14700 files processed
[INFO]-[2021/09/01 02:16:22] Total 14750 files processed
[INFO]-[2021/09/01 02:16:22] Total 14800 files processed
[INFO]-[2021/09/01 02:16:23] Total 14850 files processed
[INFO]-[2021/09/01 02:16:23] Total 14900 files processed
[INFO]-[2021/09/01 02:16:24] Total 14950 files processed
[INFO]-[2021/09/01 02:16:24] Total 15000 files processed
[INFO]-[2021/09/01 02:16:24] Total 15050 files processed
[INFO]-[2021/09/01 02:16:25] Total 15100 files processed
[INFO]-[2021/09/01 02:16:25] Total 15150 files processed
[INFO]-[2021/09/01 02:16:25] Total 15200 files processed
[INFO]-[2021/09/01 02:16:26] Total 15250 files processed
[INFO]-[2021/09/01 02:16:26] Total 15300 files processed
[INFO]-[2021/09/01 02:16:27] Total 15350 files processed
[INFO]-[2021/09/01 02:16:27] Skipping big file: /opt/bitnami/wordpress/wp-content/uploads/2021/08/Food-Waste-Video-1.mp4
[INFO]-[2021/09/01 02:16:27] Total 15400 files processed
[INFO]-[2021/09/01 02:16:27] Total 15450 files processed
[INFO]-[2021/09/01 02:16:28] Total 15500 files processed
[INFO]-[2021/09/01 02:16:28] Skipping big file: /opt/bitnami/wordpress/wp-content/uploads/2021/08/Food-Waste-Video-2-1.mp4
[INFO]-[2021/09/01 02:16:28] Total 15550 files processed
[INFO]-[2021/09/01 02:16:29] Total 15600 files processed
[INFO]-[2021/09/01 02:16:29] Total 15650 files processed
[INFO]-[2021/09/01 02:16:30] Total 15700 files processed
[INFO]-[2021/09/01 02:16:30] Total 15750 files processed
[INFO]-[2021/09/01 02:16:30] Skipping big file: /opt/bitnami/wordpress/wp-content/uploads/2021/08/Food-Waste-Video-2.mp4
[INFO]-[2021/09/01 02:16:30] Total 15800 files processed
[INFO]-[2021/09/01 02:16:31] Total 15850 files processed
[INFO]-[2021/09/01 02:16:31] Total 15900 files processed
[INFO]-[2021/09/01 02:16:32] Total 15950 files processed
[INFO]-[2021/09/01 02:16:32] Total 16000 files processed
[INFO]-[2021/09/01 02:16:32] Total 16050 files processed
[INFO]-[2021/09/01 02:16:33] Total 16100 files processed
[INFO]-[2021/09/01 02:16:33] Total 16150 files processed
[INFO]-[2021/09/01 02:16:34] Total 16200 files processed
[INFO]-[2021/09/01 02:16:34] Total 16250 files processed
[INFO]-[2021/09/01 02:16:35] Total 16300 files processed
[INFO]-[2021/09/01 02:16:35] Total 16350 files processed
[INFO]-[2021/09/01 02:16:35] Total 16400 files processed
[INFO]-[2021/09/01 02:16:36] Total 16450 files processed
[INFO]-[2021/09/01 02:16:36] Total 16500 files processed
[INFO]-[2021/09/01 02:16:37] Total 16550 files processed
[INFO]-[2021/09/01 02:16:37] Skipping big file: /opt/bitnami/wordpress/wp-content/backups-dup-lite/20210823_9797fb8656e86a614836_20210827050010_database.sql
[INFO]-[2021/09/01 02:16:37] Skipping big file: /opt/bitnami/wordpress/wp-content/backups-dup-lite/20210823_9797fb8656e86a614836_20210827050010_archive.zip
[INFO]-[2021/09/01 02:16:37] Skipping big file: /opt/bitnami/wordpress/wp-content/backups-dup-lite/20210823_1a0d1815ff39e7001400_20210823115325_archive.zip
[INFO]-[2021/09/01 02:16:37] Total 16600 files processed
[INFO]-[2021/09/01 02:16:38] Total 16650 files processed
[INFO]-[2021/09/01 02:16:38] Total 16700 files processed
[INFO]-[2021/09/01 02:16:39] Total 16750 files processed
[INFO]-[2021/09/01 02:16:39] Total 16800 files processed
[INFO]-[2021/09/01 02:16:39] Skipping big file: /opt/bitnami/wordpress/wp-content/updraft/backup_2021-08-28-0549_wwwta11dhvpatk_d18550806b3b-themes.zip
[INFO]-[2021/09/01 02:16:39] Skipping big file: /opt/bitnami/wordpress/wp-content/updraft/backup_2021-08-28-0549_wwwta11dhvpatk_d18550806b3b-uploads.zip
[INFO]-[2021/09/01 02:16:40] Skipping big file: /opt/bitnami/wordpress/wp-content/updraft/backup_2021-08-28-0549_wwwta11dhvpatk_d18550806b3b-plugins.zip
[INFO]-[2021/09/01 02:16:40] Total 16850 files processed
[INFO]-[2021/09/01 02:16:40] Total 16900 files processed
[INFO]-[2021/09/01 02:16:40] Total 16950 files processed
[INFO]-[2021/09/01 02:16:41] Total 17000 files processed
[INFO]-[2021/09/01 02:16:41] Total 17050 files processed
[INFO]-[2021/09/01 02:16:41] Total 17100 files processed
[INFO]-[2021/09/01 02:16:41] Total 17150 files processed
[INFO]-[2021/09/01 02:16:42] Total 17200 files processed
[INFO]-[2021/09/01 02:16:42] Total 17250 files processed
[INFO]-[2021/09/01 02:16:42] Total 17300 files processed
[INFO]-[2021/09/01 02:16:43] Total 17350 files processed
[INFO]-[2021/09/01 02:16:43] Total 17400 files processed
[INFO]-[2021/09/01 02:16:43] Total 17450 files processed
[INFO]-[2021/09/01 02:16:44] Total 17500 files processed
[INFO]-[2021/09/01 02:16:44] Total 17550 files processed
[INFO]-[2021/09/01 02:16:44] Total 17600 files processed
[INFO]-[2021/09/01 02:16:45] Total 17650 files processed
[INFO]-[2021/09/01 02:16:45] Total 17700 files processed
[INFO]-[2021/09/01 02:16:45] Total 17750 files processed
[INFO]-[2021/09/01 02:16:46] Total 17800 files processed
[INFO]-[2021/09/01 02:16:46] Total 17850 files processed
[INFO]-[2021/09/01 02:16:46] Total 17900 files processed
[INFO]-[2021/09/01 02:16:47] Total 17950 files processed
[INFO]-[2021/09/01 02:16:47] Total 18000 files processed
[INFO]-[2021/09/01 02:16:47] Total 18050 files processed
[INFO]-[2021/09/01 02:16:48] Total 18100 files processed
[INFO]-[2021/09/01 02:16:48] Total 18150 files processed
[INFO]-[2021/09/01 02:16:48] Total 18200 files processed
[INFO]-[2021/09/01 02:16:49] Total 18250 files processed
[INFO]-[2021/09/01 02:16:49] Total 18300 files processed
[INFO]-[2021/09/01 02:16:49] Total 18350 files processed
[INFO]-[2021/09/01 02:16:50] Total 18400 files processed
[INFO]-[2021/09/01 02:16:50] Total 18450 files processed
[INFO]-[2021/09/01 02:16:50] Total 18500 files processed
[INFO]-[2021/09/01 02:16:51] Total 18550 files processed
[INFO]-[2021/09/01 02:16:51] Total 18600 files processed
[INFO]-[2021/09/01 02:16:51] Total 18650 files processed
[INFO]-[2021/09/01 02:16:52] Total 18700 files processed
[INFO]-[2021/09/01 02:16:52] Total 18750 files processed
[INFO]-[2021/09/01 02:16:52] Total 18800 files processed
[INFO]-[2021/09/01 02:16:53] Total 18850 files processed
[INFO]-[2021/09/01 02:16:53] Total 18900 files processed
[INFO]-[2021/09/01 02:16:53] Total 18950 files processed
[INFO]-[2021/09/01 02:16:54] Total 19000 files processed
[INFO]-[2021/09/01 02:16:54] Total 19050 files processed
[INFO]-[2021/09/01 02:16:54] Total 19100 files processed
[INFO]-[2021/09/01 02:16:55] Total 19150 files processed
[INFO]-[2021/09/01 02:16:55] Total 19200 files processed
[INFO]-[2021/09/01 02:16:55] Total 19250 files processed
[INFO]-[2021/09/01 02:16:55] Total 19300 files processed
[INFO]-[2021/09/01 02:16:56] Total 19350 files processed
[INFO]-[2021/09/01 02:16:56] Total 19400 files processed
[INFO]-[2021/09/01 02:16:56] Total 19450 files processed
[INFO]-[2021/09/01 02:16:57] Total 19500 files processed
[INFO]-[2021/09/01 02:16:57] Total 19550 files processed
[INFO]-[2021/09/01 02:16:57] Total 19600 files processed
[INFO]-[2021/09/01 02:16:58] Total 19650 files processed
[INFO]-[2021/09/01 02:16:58] Total 19700 files processed
[INFO]-[2021/09/01 02:16:58] Total 19750 files processed
[INFO]-[2021/09/01 02:16:59] Total 19800 files processed
[INFO]-[2021/09/01 02:16:59] Total 19850 files processed
[INFO]-[2021/09/01 02:16:59] Total 19900 files processed
[INFO]-[2021/09/01 02:17:00] Total 19950 files processed
[INFO]-[2021/09/01 02:17:00] Total 20000 files processed
[INFO]-[2021/09/01 02:17:00] Total 20050 files processed
[INFO]-[2021/09/01 02:17:01] Total 20100 files processed
[INFO]-[2021/09/01 02:17:01] Total 20150 files processed
[INFO]-[2021/09/01 02:17:01] Total 20200 files processed
[INFO]-[2021/09/01 02:17:02] Total 20250 files processed
[INFO]-[2021/09/01 02:17:02] Total 20300 files processed
[INFO]-[2021/09/01 02:17:02] Total 20350 files processed
[INFO]-[2021/09/01 02:17:03] Total 20400 files processed
[INFO]-[2021/09/01 02:17:03] Total 20450 files processed
[INFO]-[2021/09/01 02:17:03] Total 20500 files processed
[INFO]-[2021/09/01 02:17:04] Total 20550 files processed
[INFO]-[2021/09/01 02:17:04] Total 20600 files processed
[INFO]-[2021/09/01 02:17:04] Total 20650 files processed
[INFO]-[2021/09/01 02:17:05] Total 20700 files processed
[INFO]-[2021/09/01 02:17:05] Total 20750 files processed
[INFO]-[2021/09/01 02:17:05] Total 20800 files processed
[INFO]-[2021/09/01 02:17:06] Total 20850 files processed
[INFO]-[2021/09/01 02:17:06] Total 20900 files processed
[INFO]-[2021/09/01 02:17:06] Total 20950 files processed
[INFO]-[2021/09/01 02:17:07] Total 21000 files processed
[INFO]-[2021/09/01 02:17:07] Total 21050 files processed
[INFO]-[2021/09/01 02:17:07] Total 21100 files processed
[INFO]-[2021/09/01 02:17:08] Total 21150 files processed
[INFO]-[2021/09/01 02:17:08] Total 21200 files processed
[INFO]-[2021/09/01 02:17:09] Total 21250 files processed
[INFO]-[2021/09/01 02:17:09] Total 21300 files processed
[INFO]-[2021/09/01 02:17:09] Total 21350 files processed
[INFO]-[2021/09/01 02:17:10] Total 21400 files processed
[INFO]-[2021/09/01 02:17:10] Total 21450 files processed
[INFO]-[2021/09/01 02:17:10] Total 21500 files processed
[INFO]-[2021/09/01 02:17:11] Total 21550 files processed
[INFO]-[2021/09/01 02:17:12] Total 21600 files processed
[INFO]-[2021/09/01 02:17:12] Total 21650 files processed
[INFO]-[2021/09/01 02:17:12] Total 21700 files processed
[INFO]-[2021/09/01 02:17:13] Total 21750 files processed
[INFO]-[2021/09/01 02:17:13] Total 21800 files processed
[INFO]-[2021/09/01 02:17:13] Total 21850 files processed
[INFO]-[2021/09/01 02:17:13] Total 21900 files processed
[INFO]-[2021/09/01 02:17:14] Total 21950 files processed
[INFO]-[2021/09/01 02:17:14] Total 22000 files processed
[INFO]-[2021/09/01 02:17:14] Total 22050 files processed
[INFO]-[2021/09/01 02:17:15] Total 22100 files processed
[INFO]-[2021/09/01 02:17:15] Total 22150 files processed
[INFO]-[2021/09/01 02:17:16] Total 22200 files processed
[INFO]-[2021/09/01 02:17:16] Total 22250 files processed
[INFO]-[2021/09/01 02:17:16] Total 22300 files processed
[INFO]-[2021/09/01 02:17:17] Total 22350 files processed
[INFO]-[2021/09/01 02:17:17] Total 22400 files processed
[INFO]-[2021/09/01 02:17:17] Total 22450 files processed
[INFO]-[2021/09/01 02:17:18] Total 22500 files processed
[INFO]-[2021/09/01 02:17:18] Total 22550 files processed
[INFO]-[2021/09/01 02:17:19] Total 22600 files processed
[INFO]-[2021/09/01 02:17:19] Total 22650 files processed
[INFO]-[2021/09/01 02:17:19] Total 22700 files processed
[INFO]-[2021/09/01 02:17:19] Total 22750 files processed
[INFO]-[2021/09/01 02:17:20] Total 22800 files processed
[INFO]-[2021/09/01 02:17:20] Total 22850 files processed
[INFO]-[2021/09/01 02:17:20] Total 22900 files processed
[INFO]-[2021/09/01 02:17:21] Total 22950 files processed
[INFO]-[2021/09/01 02:17:21] Total 23000 files processed
[INFO]-[2021/09/01 02:17:22] Total 23050 files processed
[INFO]-[2021/09/01 02:17:22] Total 23100 files processed
[INFO]-[2021/09/01 02:17:22] Total 23150 files processed
[INFO]-[2021/09/01 02:17:23] Total 23200 files processed
[INFO]-[2021/09/01 02:17:23] Total 23250 files processed
[INFO]-[2021/09/01 02:17:23] Total 23300 files processed
[INFO]-[2021/09/01 02:17:24] Total 23350 files processed
[INFO]-[2021/09/01 02:17:24] Total 23400 files processed
[INFO]-[2021/09/01 02:17:25] Total 23450 files processed
[INFO]-[2021/09/01 02:17:25] Total 23500 files processed
[INFO]-[2021/09/01 02:17:25] Total 23550 files processed
[INFO]-[2021/09/01 02:17:26] Total 23600 files processed
[INFO]-[2021/09/01 02:17:26] Total 23650 files processed
[INFO]-[2021/09/01 02:17:27] Total 23700 files processed
[INFO]-[2021/09/01 02:17:27] Total 23750 files processed
[INFO]-[2021/09/01 02:17:27] Total 23800 files processed
[INFO]-[2021/09/01 02:17:28] Total 23850 files processed
[INFO]-[2021/09/01 02:17:28] Total 23900 files processed
[INFO]-[2021/09/01 02:17:28] Total 23950 files processed
[INFO]-[2021/09/01 02:17:29] Total 24000 files processed
[INFO]-[2021/09/01 02:17:29] Total 24050 files processed
[INFO]-[2021/09/01 02:17:29] Total 24100 files processed
[INFO]-[2021/09/01 02:17:30] Total 24150 files processed
[INFO]-[2021/09/01 02:17:30] Total 24200 files processed
[INFO]-[2021/09/01 02:17:30] Total 24250 files processed
[INFO]-[2021/09/01 02:17:31] Total 24300 files processed
[INFO]-[2021/09/01 02:17:31] Total 24350 files processed
[WARNING]-[2021/09/01 02:17:31] File doesn't exist /opt/bitnami/wordpress/
[INFO]-[2021/09/01 02:17:32] Skipped symlinking Wp Uploads Folder
[INFO]-[2021/09/01 02:17:32] Copying files finished
[INFO]-[2021/09/01 02:17:32] DB Data Step0: Copy wp-config.php file
[INFO]-[2021/09/01 02:17:32] DB Data Step0: Can not find /opt/bitnami/wordpress/homerun1/wp-config.php
[INFO]-[2021/09/01 02:17:32] DB Data Step0: Can not find /opt/bitnami/wp-config.php
[INFO]-[2021/09/01 02:17:32] DB Data Step0: Copy default wp-config.php file from source /bitnami/wordpress/wp-content/plugins/wp-staging/Backend/helpers/wp-config.php to /opt/bitnami/wordpress/homerun1/wp-config.php
[INFO]-[2021/09/01 02:17:32] DB Data Step1: Updating siteurl and homeurl in wpstg0_options to https://www.ta11dhvpa.tk/homerun1
[INFO]-[2021/09/01 02:17:33] DB Data Step2: Updating wpstg0_options 
[INFO]-[2021/09/01 02:17:33] DB Data Step3: Updating db prefix in wpstg0_usermeta.
[INFO]-[2021/09/01 02:17:34] DB Data Step4: Updating table_prefix in /opt/bitnami/wordpress/homerun1/wp-config.php to wpstg0_
[INFO]-[2021/09/01 02:17:34] DB Data Step5: WP installation is not in a subdirectory! Skipping this step
[INFO]-[2021/09/01 02:17:34] DB Data Step6: Updating db prefix in wpstg0_options.
[INFO]-[2021/09/01 02:17:35] DB Data Step7: Updating constants in wp-config.php
[INFO]-[2021/09/01 02:17:35] DB Data Step7: Added:UPLOADS
[INFO]-[2021/09/01 02:17:35] DB Data Step7: Added:WP_PLUGIN_DIR
[INFO]-[2021/09/01 02:17:35] DB Data Step7: Added:WP_LANG_DIR
[INFO]-[2021/09/01 02:17:35] DB Data Step7: Added:WP_HOME
[INFO]-[2021/09/01 02:17:35] DB Data Step7: Added:WP_SITEURL
[INFO]-[2021/09/01 02:17:35] DB Data Step7: Added:WP_CACHE
[INFO]-[2021/09/01 02:17:35] DB Data Step7: Added:WP_ENVIRONMENT_TYPE
[INFO]-[2021/09/01 02:17:35] DB Data Step7: Skipping: WP_ALLOW_MULTISITE not defined in wp-config.php.
[INFO]-[2021/09/01 02:17:35] DB Data Step7: Skipping: MULTISITE not defined in wp-config.php.
[INFO]-[2021/09/01 02:17:35] Finish: Deleting clone job's cache files...
[INFO]-[2021/09/01 02:17:35] Finish: Clone job's cache files have been deleted!
[INFO]-[2021/09/01 02:17:35] Finish: Verifying existing clones...
[INFO]-[2021/09/01 02:17:35] Finish: The job finished!
