[INFO]-[2021/09/04 17:35:02] Cloning: 1630776901892's clone job's data is not in database, generating data
[INFO]-[2021/09/04 17:35:03] DB Copy: Creating table wpstg2_actionscheduler_actions
[INFO]-[2021/09/04 17:35:04] DB Copy: Table wp_actionscheduler_actions contains 13 rows 
[INFO]-[2021/09/04 17:35:04] DB Copy: wp_actionscheduler_actions as wpstg2_actionscheduler_actions from 0 to 10000 records
[INFO]-[2021/09/04 17:35:04] DB Copy: Creating table wpstg2_actionscheduler_claims
[INFO]-[2021/09/04 17:35:04] DB Copy: Table wp_actionscheduler_claims contains 0 rows 
[INFO]-[2021/09/04 17:35:04] DB Copy: Creating table wpstg2_actionscheduler_groups
[INFO]-[2021/09/04 17:35:04] DB Copy: Table wp_actionscheduler_groups contains 2 rows 
[INFO]-[2021/09/04 17:35:04] DB Copy: wp_actionscheduler_groups as wpstg2_actionscheduler_groups from 0 to 10000 records
[INFO]-[2021/09/04 17:35:04] DB Copy: Creating table wpstg2_actionscheduler_logs
[INFO]-[2021/09/04 17:35:04] DB Copy: Table wp_actionscheduler_logs contains 39 rows 
[INFO]-[2021/09/04 17:35:04] DB Copy: wp_actionscheduler_logs as wpstg2_actionscheduler_logs from 0 to 10000 records
[INFO]-[2021/09/04 17:35:05] DB Copy: Creating table wpstg2_commentmeta
[INFO]-[2021/09/04 17:35:05] DB Copy: Table wp_commentmeta contains 0 rows 
[INFO]-[2021/09/04 17:35:05] DB Copy: Creating table wpstg2_comments
[INFO]-[2021/09/04 17:35:05] DB Copy: Table wp_comments contains 1 rows 
[INFO]-[2021/09/04 17:35:05] DB Copy: wp_comments as wpstg2_comments from 0 to 10000 records
[INFO]-[2021/09/04 17:35:05] DB Copy: Creating table wpstg2_duplicator_packages
[INFO]-[2021/09/04 17:35:05] DB Copy: Table wp_duplicator_packages contains 2 rows 
[INFO]-[2021/09/04 17:35:05] DB Copy: wp_duplicator_packages as wpstg2_duplicator_packages from 0 to 10000 records
[INFO]-[2021/09/04 17:35:06] DB Copy: Creating table wpstg2_ef_card_design
[INFO]-[2021/09/04 17:35:06] DB Copy: Table wp_ef_card_design contains 1 rows 
[INFO]-[2021/09/04 17:35:06] DB Copy: wp_ef_card_design as wpstg2_ef_card_design from 0 to 10000 records
[INFO]-[2021/09/04 17:35:06] DB Copy: Creating table wpstg2_ef_cards
[INFO]-[2021/09/04 17:35:06] DB Copy: Table wp_ef_cards contains 37 rows 
[INFO]-[2021/09/04 17:35:06] DB Copy: wp_ef_cards as wpstg2_ef_cards from 0 to 10000 records
[INFO]-[2021/09/04 17:35:06] DB Copy: Creating table wpstg2_ef_index
[INFO]-[2021/09/04 17:35:06] DB Copy: Table wp_ef_index contains 4 rows 
[INFO]-[2021/09/04 17:35:06] DB Copy: wp_ef_index as wpstg2_ef_index from 0 to 10000 records
[INFO]-[2021/09/04 17:35:06] DB Copy: Creating table wpstg2_links
[INFO]-[2021/09/04 17:35:06] DB Copy: Table wp_links contains 0 rows 
[INFO]-[2021/09/04 17:35:07] DB Copy: Creating table wpstg2_mlw_qm_audit_trail
[INFO]-[2021/09/04 17:35:07] DB Copy: Table wp_mlw_qm_audit_trail contains 7 rows 
[INFO]-[2021/09/04 17:35:07] DB Copy: wp_mlw_qm_audit_trail as wpstg2_mlw_qm_audit_trail from 0 to 10000 records
[INFO]-[2021/09/04 17:35:07] DB Copy: Creating table wpstg2_mlw_question_terms
[INFO]-[2021/09/04 17:35:07] DB Copy: Table wp_mlw_question_terms contains 0 rows 
[INFO]-[2021/09/04 17:35:07] DB Copy: Creating table wpstg2_mlw_questions
[INFO]-[2021/09/04 17:35:07] DB Copy: Table wp_mlw_questions contains 2 rows 
[INFO]-[2021/09/04 17:35:07] DB Copy: wp_mlw_questions as wpstg2_mlw_questions from 0 to 10000 records
[INFO]-[2021/09/04 17:35:08] DB Copy: Creating table wpstg2_mlw_quiz_theme_settings
[INFO]-[2021/09/04 17:35:08] DB Copy: Table wp_mlw_quiz_theme_settings contains 0 rows 
[INFO]-[2021/09/04 17:35:08] DB Copy: Creating table wpstg2_mlw_quizzes
[INFO]-[2021/09/04 17:35:08] DB Copy: Table wp_mlw_quizzes contains 1 rows 
[INFO]-[2021/09/04 17:35:08] DB Copy: wp_mlw_quizzes as wpstg2_mlw_quizzes from 0 to 10000 records
[INFO]-[2021/09/04 17:35:08] DB Copy: Creating table wpstg2_mlw_results
[INFO]-[2021/09/04 17:35:08] DB Copy: Table wp_mlw_results contains 9 rows 
[INFO]-[2021/09/04 17:35:08] DB Copy: wp_mlw_results as wpstg2_mlw_results from 0 to 10000 records
[INFO]-[2021/09/04 17:35:09] DB Copy: Creating table wpstg2_mlw_themes
[INFO]-[2021/09/04 17:35:09] DB Copy: Table wp_mlw_themes contains 0 rows 
[INFO]-[2021/09/04 17:35:09] DB Copy: Creating table wpstg2_ms_snippets
[INFO]-[2021/09/04 17:35:09] DB Copy: Table wp_ms_snippets contains 0 rows 
[INFO]-[2021/09/04 17:35:09] DB Copy: Creating table wpstg2_nextend2_image_storage
[INFO]-[2021/09/04 17:35:09] DB Copy: Table wp_nextend2_image_storage contains 10 rows 
[INFO]-[2021/09/04 17:35:09] DB Copy: wp_nextend2_image_storage as wpstg2_nextend2_image_storage from 0 to 10000 records
[INFO]-[2021/09/04 17:35:09] DB Copy: Creating table wpstg2_nextend2_section_storage
[INFO]-[2021/09/04 17:35:09] DB Copy: Table wp_nextend2_section_storage contains 1 rows 
[INFO]-[2021/09/04 17:35:09] DB Copy: wp_nextend2_section_storage as wpstg2_nextend2_section_storage from 0 to 10000 records
[INFO]-[2021/09/04 17:35:10] DB Copy: Creating table wpstg2_nextend2_smartslider3_generators
[INFO]-[2021/09/04 17:35:10] DB Copy: Table wp_nextend2_smartslider3_generators contains 0 rows 
[INFO]-[2021/09/04 17:35:10] DB Copy: Creating table wpstg2_nextend2_smartslider3_sliders
[INFO]-[2021/09/04 17:35:10] DB Copy: Table wp_nextend2_smartslider3_sliders contains 6 rows 
[INFO]-[2021/09/04 17:35:10] DB Copy: wp_nextend2_smartslider3_sliders as wpstg2_nextend2_smartslider3_sliders from 0 to 10000 records
[INFO]-[2021/09/04 17:35:10] DB Copy: Creating table wpstg2_nextend2_smartslider3_sliders_xref
[INFO]-[2021/09/04 17:35:10] DB Copy: Table wp_nextend2_smartslider3_sliders_xref contains 5 rows 
[INFO]-[2021/09/04 17:35:10] DB Copy: wp_nextend2_smartslider3_sliders_xref as wpstg2_nextend2_smartslider3_sliders_xref from 0 to 10000 records
[INFO]-[2021/09/04 17:35:11] DB Copy: Creating table wpstg2_nextend2_smartslider3_slides
[INFO]-[2021/09/04 17:35:11] DB Copy: Table wp_nextend2_smartslider3_slides contains 17 rows 
[INFO]-[2021/09/04 17:35:11] DB Copy: wp_nextend2_smartslider3_slides as wpstg2_nextend2_smartslider3_slides from 0 to 10000 records
[INFO]-[2021/09/04 17:35:11] DB Copy: Creating table wpstg2_options
[INFO]-[2021/09/04 17:35:11] DB Copy: Table wp_options contains 361 rows 
[INFO]-[2021/09/04 17:35:11] DB Copy: wp_options as wpstg2_options from 0 to 10000 records
[INFO]-[2021/09/04 17:35:11] DB Copy: Creating table wpstg2_postmeta
[INFO]-[2021/09/04 17:35:11] DB Copy: Table wp_postmeta contains 4436 rows 
[INFO]-[2021/09/04 17:35:11] DB Copy: wp_postmeta as wpstg2_postmeta from 0 to 10000 records
[INFO]-[2021/09/04 17:35:12] DB Copy: Creating table wpstg2_posts
[INFO]-[2021/09/04 17:35:12] DB Copy: Table wp_posts contains 1249 rows 
[INFO]-[2021/09/04 17:35:12] DB Copy: wp_posts as wpstg2_posts from 0 to 10000 records
[INFO]-[2021/09/04 17:35:13] DB Copy: Creating table wpstg2_qwiz_dataset_json2
[INFO]-[2021/09/04 17:35:13] DB Copy: Table wp_qwiz_dataset_json2 contains 0 rows 
[INFO]-[2021/09/04 17:35:13] DB Copy: Creating table wpstg2_qwiz_textentry_suggestions
[INFO]-[2021/09/04 17:35:13] DB Copy: Table wp_qwiz_textentry_suggestions contains 55632 rows 
[INFO]-[2021/09/04 17:35:13] DB Copy: wp_qwiz_textentry_suggestions as wpstg2_qwiz_textentry_suggestions from 0 to 10000 records
[INFO]-[2021/09/04 17:35:13] DB Copy: wp_qwiz_textentry_suggestions as wpstg2_qwiz_textentry_suggestions from 10000 to 20000 records
[INFO]-[2021/09/04 17:35:14] DB Copy: wp_qwiz_textentry_suggestions as wpstg2_qwiz_textentry_suggestions from 20000 to 30000 records
[INFO]-[2021/09/04 17:35:14] DB Copy: wp_qwiz_textentry_suggestions as wpstg2_qwiz_textentry_suggestions from 30000 to 40000 records
[INFO]-[2021/09/04 17:35:15] DB Copy: wp_qwiz_textentry_suggestions as wpstg2_qwiz_textentry_suggestions from 40000 to 50000 records
[INFO]-[2021/09/04 17:35:15] DB Copy: wp_qwiz_textentry_suggestions as wpstg2_qwiz_textentry_suggestions from 50000 to 60000 records
[INFO]-[2021/09/04 17:35:15] DB Copy: Creating table wpstg2_sgpb_subscribers
[INFO]-[2021/09/04 17:35:15] DB Copy: Table wp_sgpb_subscribers contains 0 rows 
[INFO]-[2021/09/04 17:35:16] DB Copy: Creating table wpstg2_sgpb_subscription_error_log
[INFO]-[2021/09/04 17:35:16] DB Copy: Table wp_sgpb_subscription_error_log contains 0 rows 
[INFO]-[2021/09/04 17:35:16] DB Copy: Creating table wpstg2_snippets
[INFO]-[2021/09/04 17:35:16] DB Copy: Table wp_snippets contains 5 rows 
[INFO]-[2021/09/04 17:35:16] DB Copy: wp_snippets as wpstg2_snippets from 0 to 10000 records
[INFO]-[2021/09/04 17:35:16] DB Copy: Creating table wpstg2_term_relationships
[INFO]-[2021/09/04 17:35:16] DB Copy: Table wp_term_relationships contains 17 rows 
[INFO]-[2021/09/04 17:35:16] DB Copy: wp_term_relationships as wpstg2_term_relationships from 0 to 10000 records
[INFO]-[2021/09/04 17:35:17] DB Copy: Creating table wpstg2_term_taxonomy
[INFO]-[2021/09/04 17:35:17] DB Copy: Table wp_term_taxonomy contains 7 rows 
[INFO]-[2021/09/04 17:35:17] DB Copy: wp_term_taxonomy as wpstg2_term_taxonomy from 0 to 10000 records
[INFO]-[2021/09/04 17:35:17] DB Copy: Creating table wpstg2_termmeta
[INFO]-[2021/09/04 17:35:17] DB Copy: Table wp_termmeta contains 0 rows 
[INFO]-[2021/09/04 17:35:17] DB Copy: Creating table wpstg2_terms
[INFO]-[2021/09/04 17:35:17] DB Copy: Table wp_terms contains 7 rows 
[INFO]-[2021/09/04 17:35:17] DB Copy: wp_terms as wpstg2_terms from 0 to 10000 records
[INFO]-[2021/09/04 17:35:18] DB Copy: Creating table wpstg2_usermeta
[INFO]-[2021/09/04 17:35:18] DB Copy: Table wp_usermeta contains 35 rows 
[INFO]-[2021/09/04 17:35:18] DB Copy: wp_usermeta as wpstg2_usermeta from 0 to 10000 records
[INFO]-[2021/09/04 17:35:18] DB Copy: Creating table wpstg2_users
[INFO]-[2021/09/04 17:35:18] DB Copy: Table wp_users contains 1 rows 
[INFO]-[2021/09/04 17:35:18] DB Copy: wp_users as wpstg2_users from 0 to 10000 records
[INFO]-[2021/09/04 17:35:18] DB Copy: Creating table wpstg2_vp_id
[INFO]-[2021/09/04 17:35:18] DB Copy: Table wp_vp_id contains 868 rows 
[INFO]-[2021/09/04 17:35:18] DB Copy: wp_vp_id as wpstg2_vp_id from 0 to 10000 records
[INFO]-[2021/09/04 17:35:19] DB Copy: Creating table wpstg2_weforms_entries
[INFO]-[2021/09/04 17:35:19] DB Copy: Table wp_weforms_entries contains 54 rows 
[INFO]-[2021/09/04 17:35:19] DB Copy: wp_weforms_entries as wpstg2_weforms_entries from 0 to 10000 records
[INFO]-[2021/09/04 17:35:19] DB Copy: Creating table wpstg2_weforms_entrymeta
[INFO]-[2021/09/04 17:35:19] DB Copy: Table wp_weforms_entrymeta contains 86 rows 
[INFO]-[2021/09/04 17:35:19] DB Copy: wp_weforms_entrymeta as wpstg2_weforms_entrymeta from 0 to 10000 records
[INFO]-[2021/09/04 17:35:19] DB Copy: Creating table wpstg2_wpmailsmtp_tasks_meta
[INFO]-[2021/09/04 17:35:19] DB Copy: Table wp_wpmailsmtp_tasks_meta contains 3 rows 
[INFO]-[2021/09/04 17:35:19] DB Copy: wp_wpmailsmtp_tasks_meta as wpstg2_wpmailsmtp_tasks_meta from 0 to 10000 records
[INFO]-[2021/09/04 17:35:19] DB Copy: Creating table wpstg2_xyz_ips_short_code
[INFO]-[2021/09/04 17:35:19] DB Copy: Table wp_xyz_ips_short_code contains 1 rows 
[INFO]-[2021/09/04 17:35:19] DB Copy: wp_xyz_ips_short_code as wpstg2_xyz_ips_short_code from 0 to 10000 records
[INFO]-[2021/09/04 17:35:20] DB Search & Replace:  Table wpstg2_actionscheduler_actions 0 to 20000 records
[INFO]-[2021/09/04 17:35:21] DB Search & Replace:  Table wpstg2_actionscheduler_groups 0 to 20000 records
[INFO]-[2021/09/04 17:35:21] DB Search & Replace:  Table wpstg2_actionscheduler_logs 0 to 20000 records
[INFO]-[2021/09/04 17:35:22] DB Search & Replace:  Table wpstg2_comments 0 to 20000 records
[INFO]-[2021/09/04 17:35:22] DB Search & Replace:  Table wpstg2_duplicator_packages 0 to 20000 records
[INFO]-[2021/09/04 17:35:22] DB Search & Replace:  Table wpstg2_ef_card_design 0 to 20000 records
[INFO]-[2021/09/04 17:35:22] DB Search & Replace:  Table wpstg2_ef_cards 0 to 20000 records
[INFO]-[2021/09/04 17:35:23] DB Search & Replace:  Table wpstg2_ef_index 0 to 20000 records
[INFO]-[2021/09/04 17:35:23] DB Search & Replace:  Table wpstg2_mlw_qm_audit_trail 0 to 20000 records
[INFO]-[2021/09/04 17:35:24] DB Search & Replace:  Table wpstg2_mlw_questions 0 to 20000 records
[INFO]-[2021/09/04 17:35:24] DB Search & Replace:  Table wpstg2_mlw_quizzes 0 to 20000 records
[INFO]-[2021/09/04 17:35:25] DB Search & Replace:  Table wpstg2_mlw_results 0 to 20000 records
[INFO]-[2021/09/04 17:35:26] DB Search & Replace:  Table wpstg2_nextend2_image_storage 0 to 20000 records
[INFO]-[2021/09/04 17:35:26] DB Search & Replace:  Table wpstg2_nextend2_section_storage 0 to 20000 records
[INFO]-[2021/09/04 17:35:27] DB Search & Replace:  Table wpstg2_nextend2_smartslider3_sliders 0 to 20000 records
[INFO]-[2021/09/04 17:35:27] DB Search & Replace:  Table wpstg2_nextend2_smartslider3_sliders_xref 0 to 20000 records
[INFO]-[2021/09/04 17:35:27] DB Search & Replace:  Table wpstg2_nextend2_smartslider3_slides 0 to 20000 records
[INFO]-[2021/09/04 17:35:27] DB Search & Replace:  Table wpstg2_options 0 to 20000 records
[INFO]-[2021/09/04 17:35:28] DB Search & Replace:  Table wpstg2_postmeta 0 to 20000 records
[INFO]-[2021/09/04 17:35:32] DB Search & Replace:  Table wpstg2_posts 0 to 20000 records
[INFO]-[2021/09/04 17:35:39] DB Search & Replace:  Table wpstg2_qwiz_textentry_suggestions 0 to 20000 records
[INFO]-[2021/09/04 17:35:40] DB Search & Replace:  Table wpstg2_qwiz_textentry_suggestions 20000 to 40000 records
[INFO]-[2021/09/04 17:35:40] DB Search & Replace:  Table wpstg2_qwiz_textentry_suggestions 40000 to 60000 records
[INFO]-[2021/09/04 17:35:41] DB Search & Replace:  Table wpstg2_snippets 0 to 20000 records
[INFO]-[2021/09/04 17:35:42] DB Search & Replace:  Table wpstg2_term_relationships 0 to 20000 records
[INFO]-[2021/09/04 17:35:42] DB Search & Replace:  Table wpstg2_term_taxonomy 0 to 20000 records
[INFO]-[2021/09/04 17:35:42] DB Search & Replace:  Table wpstg2_terms 0 to 20000 records
[INFO]-[2021/09/04 17:35:43] DB Search & Replace:  Table wpstg2_usermeta 0 to 20000 records
[INFO]-[2021/09/04 17:35:43] DB Search & Replace:  Table wpstg2_users 0 to 20000 records
[INFO]-[2021/09/04 17:35:43] DB Search & Replace:  Table wpstg2_vp_id 0 to 20000 records
[INFO]-[2021/09/04 17:35:44] DB Search & Replace:  Table wpstg2_weforms_entries 0 to 20000 records
[INFO]-[2021/09/04 17:35:44] DB Search & Replace:  Table wpstg2_weforms_entrymeta 0 to 20000 records
[INFO]-[2021/09/04 17:35:44] DB Search & Replace:  Table wpstg2_wpmailsmtp_tasks_meta 0 to 20000 records
[INFO]-[2021/09/04 17:35:45] DB Search & Replace:  Table wpstg2_xyz_ips_short_code 0 to 20000 records
[INFO]-[2021/09/04 17:35:46] Scanning / for its files
[INFO]-[2021/09/04 17:35:46] Scanning wp-content/plugins and its sub-directories and files
[INFO]-[2021/09/04 17:35:49] Scanning wp-content/mu-plugins and its sub-directories and files
[INFO]-[2021/09/04 17:35:49] Scanning wp-content/themes and its sub-directories and files
[INFO]-[2021/09/04 17:35:50] Scanning wp-content/uploads/ and its sub-directories and files
[INFO]-[2021/09/04 17:35:50] Scanning wp-content for other directories
[INFO]-[2021/09/04 17:35:51] Scanning wp-includes for its sub-directories and files
[INFO]-[2021/09/04 17:35:51] Scanning wp-admin for its sub-directories and files
[INFO]-[2021/09/04 17:35:52] Copying files...
[INFO]-[2021/09/04 17:35:52] Total 50 files processed
[INFO]-[2021/09/04 17:35:52] Total 100 files processed
[INFO]-[2021/09/04 17:35:53] Total 150 files processed
[INFO]-[2021/09/04 17:35:53] Total 200 files processed
[INFO]-[2021/09/04 17:35:53] Total 250 files processed
[INFO]-[2021/09/04 17:35:53] Total 300 files processed
[INFO]-[2021/09/04 17:35:54] Total 350 files processed
[INFO]-[2021/09/04 17:35:54] Total 400 files processed
[INFO]-[2021/09/04 17:35:54] Total 450 files processed
[INFO]-[2021/09/04 17:35:55] Total 500 files processed
[INFO]-[2021/09/04 17:35:55] Total 550 files processed
[INFO]-[2021/09/04 17:35:55] Total 600 files processed
[INFO]-[2021/09/04 17:35:56] Total 650 files processed
[INFO]-[2021/09/04 17:35:56] Total 700 files processed
[INFO]-[2021/09/04 17:35:56] Total 750 files processed
[INFO]-[2021/09/04 17:35:57] Total 800 files processed
[INFO]-[2021/09/04 17:35:57] Total 850 files processed
[INFO]-[2021/09/04 17:35:57] Total 900 files processed
[INFO]-[2021/09/04 17:35:57] Total 950 files processed
[INFO]-[2021/09/04 17:35:58] Total 1000 files processed
[INFO]-[2021/09/04 17:35:58] Total 1050 files processed
[INFO]-[2021/09/04 17:35:58] Total 1100 files processed
[INFO]-[2021/09/04 17:35:59] Total 1150 files processed
[INFO]-[2021/09/04 17:35:59] Total 1200 files processed
[INFO]-[2021/09/04 17:35:59] Total 1250 files processed
[INFO]-[2021/09/04 17:36:00] Total 1300 files processed
[INFO]-[2021/09/04 17:36:00] Total 1350 files processed
[INFO]-[2021/09/04 17:36:00] Total 1400 files processed
[INFO]-[2021/09/04 17:36:01] Total 1450 files processed
[INFO]-[2021/09/04 17:36:01] Total 1500 files processed
[INFO]-[2021/09/04 17:36:01] Total 1550 files processed
[INFO]-[2021/09/04 17:36:01] Total 1600 files processed
[INFO]-[2021/09/04 17:36:02] Total 1650 files processed
[INFO]-[2021/09/04 17:36:02] Total 1700 files processed
[INFO]-[2021/09/04 17:36:02] Total 1750 files processed
[INFO]-[2021/09/04 17:36:03] Total 1800 files processed
[INFO]-[2021/09/04 17:36:03] Total 1850 files processed
[INFO]-[2021/09/04 17:36:03] Total 1900 files processed
[INFO]-[2021/09/04 17:36:04] Total 1950 files processed
[INFO]-[2021/09/04 17:36:04] Total 2000 files processed
[INFO]-[2021/09/04 17:36:04] Total 2050 files processed
[INFO]-[2021/09/04 17:36:05] Total 2100 files processed
[INFO]-[2021/09/04 17:36:05] Total 2150 files processed
[INFO]-[2021/09/04 17:36:06] Total 2200 files processed
[INFO]-[2021/09/04 17:36:06] Total 2250 files processed
[INFO]-[2021/09/04 17:36:06] Total 2300 files processed
[INFO]-[2021/09/04 17:36:07] Total 2350 files processed
[INFO]-[2021/09/04 17:36:07] Total 2400 files processed
[INFO]-[2021/09/04 17:36:07] Total 2450 files processed
[INFO]-[2021/09/04 17:36:08] Total 2500 files processed
[INFO]-[2021/09/04 17:36:08] Total 2550 files processed
[INFO]-[2021/09/04 17:36:08] Total 2600 files processed
[INFO]-[2021/09/04 17:36:08] Total 2650 files processed
[INFO]-[2021/09/04 17:36:09] Total 2700 files processed
[INFO]-[2021/09/04 17:36:09] Total 2750 files processed
[INFO]-[2021/09/04 17:36:09] Total 2800 files processed
[INFO]-[2021/09/04 17:36:10] Total 2850 files processed
[INFO]-[2021/09/04 17:36:10] Total 2900 files processed
[INFO]-[2021/09/04 17:36:10] Total 2950 files processed
[INFO]-[2021/09/04 17:36:11] Total 3000 files processed
[INFO]-[2021/09/04 17:36:11] Total 3050 files processed
[INFO]-[2021/09/04 17:36:11] Total 3100 files processed
[INFO]-[2021/09/04 17:36:11] Total 3150 files processed
[INFO]-[2021/09/04 17:36:12] Total 3200 files processed
[INFO]-[2021/09/04 17:36:12] Total 3250 files processed
[INFO]-[2021/09/04 17:36:13] Total 3300 files processed
[INFO]-[2021/09/04 17:36:13] Total 3350 files processed
[INFO]-[2021/09/04 17:36:13] Total 3400 files processed
[INFO]-[2021/09/04 17:36:13] Total 3450 files processed
[INFO]-[2021/09/04 17:36:14] Total 3500 files processed
[INFO]-[2021/09/04 17:36:14] Total 3550 files processed
[INFO]-[2021/09/04 17:36:14] Total 3600 files processed
[INFO]-[2021/09/04 17:36:15] Total 3650 files processed
[INFO]-[2021/09/04 17:36:15] Total 3700 files processed
[INFO]-[2021/09/04 17:36:15] Total 3750 files processed
[INFO]-[2021/09/04 17:36:16] Total 3800 files processed
[INFO]-[2021/09/04 17:36:16] Total 3850 files processed
[INFO]-[2021/09/04 17:36:16] Total 3900 files processed
[INFO]-[2021/09/04 17:36:17] Total 3950 files processed
[INFO]-[2021/09/04 17:36:17] Total 4000 files processed
[INFO]-[2021/09/04 17:36:17] Total 4050 files processed
[INFO]-[2021/09/04 17:36:17] Total 4100 files processed
[INFO]-[2021/09/04 17:36:18] Total 4150 files processed
[INFO]-[2021/09/04 17:36:18] Total 4200 files processed
[INFO]-[2021/09/04 17:36:18] Total 4250 files processed
[INFO]-[2021/09/04 17:36:19] Total 4300 files processed
[INFO]-[2021/09/04 17:36:19] Total 4350 files processed
[INFO]-[2021/09/04 17:36:19] Total 4400 files processed
[INFO]-[2021/09/04 17:36:20] Total 4450 files processed
[INFO]-[2021/09/04 17:36:20] Total 4500 files processed
[INFO]-[2021/09/04 17:36:20] Total 4550 files processed
[INFO]-[2021/09/04 17:36:21] Total 4600 files processed
[INFO]-[2021/09/04 17:36:21] Total 4650 files processed
[INFO]-[2021/09/04 17:36:22] Total 4700 files processed
[INFO]-[2021/09/04 17:36:22] Total 4750 files processed
[INFO]-[2021/09/04 17:36:22] Total 4800 files processed
[INFO]-[2021/09/04 17:36:23] Total 4850 files processed
[INFO]-[2021/09/04 17:36:23] Total 4900 files processed
[INFO]-[2021/09/04 17:36:24] Total 4950 files processed
[INFO]-[2021/09/04 17:36:24] Total 5000 files processed
[INFO]-[2021/09/04 17:36:24] Total 5050 files processed
[INFO]-[2021/09/04 17:36:25] Total 5100 files processed
[INFO]-[2021/09/04 17:36:25] Total 5150 files processed
[INFO]-[2021/09/04 17:36:25] Total 5200 files processed
[INFO]-[2021/09/04 17:36:26] Total 5250 files processed
[INFO]-[2021/09/04 17:36:26] Total 5300 files processed
[INFO]-[2021/09/04 17:36:26] Total 5350 files processed
[INFO]-[2021/09/04 17:36:27] Total 5400 files processed
[INFO]-[2021/09/04 17:36:27] Total 5450 files processed
[INFO]-[2021/09/04 17:36:27] Total 5500 files processed
[INFO]-[2021/09/04 17:36:28] Total 5550 files processed
[INFO]-[2021/09/04 17:36:28] Total 5600 files processed
[INFO]-[2021/09/04 17:36:28] Total 5650 files processed
[INFO]-[2021/09/04 17:36:29] Total 5700 files processed
[INFO]-[2021/09/04 17:36:29] Total 5750 files processed
[INFO]-[2021/09/04 17:36:29] Total 5800 files processed
[INFO]-[2021/09/04 17:36:29] Total 5850 files processed
[INFO]-[2021/09/04 17:36:30] Total 5900 files processed
[INFO]-[2021/09/04 17:36:30] Total 5950 files processed
[INFO]-[2021/09/04 17:36:30] Total 6000 files processed
[INFO]-[2021/09/04 17:36:31] Total 6050 files processed
[INFO]-[2021/09/04 17:36:31] Total 6100 files processed
[INFO]-[2021/09/04 17:36:31] Total 6150 files processed
[INFO]-[2021/09/04 17:36:32] Total 6200 files processed
[INFO]-[2021/09/04 17:36:32] Total 6250 files processed
[INFO]-[2021/09/04 17:36:32] Total 6300 files processed
[INFO]-[2021/09/04 17:36:33] Total 6350 files processed
[INFO]-[2021/09/04 17:36:33] Total 6400 files processed
[INFO]-[2021/09/04 17:36:33] Total 6450 files processed
[INFO]-[2021/09/04 17:36:34] Total 6500 files processed
[INFO]-[2021/09/04 17:36:34] Total 6550 files processed
[INFO]-[2021/09/04 17:36:34] Total 6600 files processed
[INFO]-[2021/09/04 17:36:35] Total 6650 files processed
[INFO]-[2021/09/04 17:36:35] Total 6700 files processed
[INFO]-[2021/09/04 17:36:35] Total 6750 files processed
[INFO]-[2021/09/04 17:36:36] Total 6800 files processed
[INFO]-[2021/09/04 17:36:36] Total 6850 files processed
[INFO]-[2021/09/04 17:36:36] Total 6900 files processed
[INFO]-[2021/09/04 17:36:36] Total 6950 files processed
[INFO]-[2021/09/04 17:36:37] Total 7000 files processed
[INFO]-[2021/09/04 17:36:37] Total 7050 files processed
[INFO]-[2021/09/04 17:36:37] Total 7100 files processed
[INFO]-[2021/09/04 17:36:38] Total 7150 files processed
[INFO]-[2021/09/04 17:36:38] Total 7200 files processed
[INFO]-[2021/09/04 17:36:38] Total 7250 files processed
[INFO]-[2021/09/04 17:36:39] Total 7300 files processed
[INFO]-[2021/09/04 17:36:39] Total 7350 files processed
[INFO]-[2021/09/04 17:36:39] Total 7400 files processed
[INFO]-[2021/09/04 17:36:40] Total 7450 files processed
[INFO]-[2021/09/04 17:36:40] Total 7500 files processed
[INFO]-[2021/09/04 17:36:40] Total 7550 files processed
[INFO]-[2021/09/04 17:36:41] Total 7600 files processed
[INFO]-[2021/09/04 17:36:41] Total 7650 files processed
[INFO]-[2021/09/04 17:36:41] Total 7700 files processed
[INFO]-[2021/09/04 17:36:42] Total 7750 files processed
[INFO]-[2021/09/04 17:36:42] Total 7800 files processed
[INFO]-[2021/09/04 17:36:42] Total 7850 files processed
[INFO]-[2021/09/04 17:36:43] Total 7900 files processed
[INFO]-[2021/09/04 17:36:43] Total 7950 files processed
[INFO]-[2021/09/04 17:36:43] Total 8000 files processed
[INFO]-[2021/09/04 17:36:44] Total 8050 files processed
[INFO]-[2021/09/04 17:36:44] Total 8100 files processed
[INFO]-[2021/09/04 17:36:45] Total 8150 files processed
[INFO]-[2021/09/04 17:36:45] Total 8200 files processed
[INFO]-[2021/09/04 17:36:45] Total 8250 files processed
[INFO]-[2021/09/04 17:36:46] Total 8300 files processed
[INFO]-[2021/09/04 17:36:46] Total 8350 files processed
[INFO]-[2021/09/04 17:36:46] Total 8400 files processed
[INFO]-[2021/09/04 17:36:47] Total 8450 files processed
[INFO]-[2021/09/04 17:36:47] Total 8500 files processed
[INFO]-[2021/09/04 17:36:47] Total 8550 files processed
[INFO]-[2021/09/04 17:36:47] Total 8600 files processed
[INFO]-[2021/09/04 17:36:48] Total 8650 files processed
[INFO]-[2021/09/04 17:36:48] Total 8700 files processed
[INFO]-[2021/09/04 17:36:48] Total 8750 files processed
[INFO]-[2021/09/04 17:36:49] Total 8800 files processed
[INFO]-[2021/09/04 17:36:49] Total 8850 files processed
[INFO]-[2021/09/04 17:36:49] Total 8900 files processed
[INFO]-[2021/09/04 17:36:50] Total 8950 files processed
[INFO]-[2021/09/04 17:36:50] Total 9000 files processed
[INFO]-[2021/09/04 17:36:50] Total 9050 files processed
[INFO]-[2021/09/04 17:36:51] Total 9100 files processed
[INFO]-[2021/09/04 17:36:51] Total 9150 files processed
[INFO]-[2021/09/04 17:36:51] Total 9200 files processed
[INFO]-[2021/09/04 17:36:52] Total 9250 files processed
[INFO]-[2021/09/04 17:36:52] Total 9300 files processed
[INFO]-[2021/09/04 17:36:52] Total 9350 files processed
[INFO]-[2021/09/04 17:36:52] Total 9400 files processed
[INFO]-[2021/09/04 17:36:53] Total 9450 files processed
[INFO]-[2021/09/04 17:36:53] Total 9500 files processed
[INFO]-[2021/09/04 17:36:53] Total 9550 files processed
[INFO]-[2021/09/04 17:36:54] Total 9600 files processed
[INFO]-[2021/09/04 17:36:54] Total 9650 files processed
[INFO]-[2021/09/04 17:36:55] Total 9700 files processed
[INFO]-[2021/09/04 17:36:55] Total 9750 files processed
[INFO]-[2021/09/04 17:36:55] Total 9800 files processed
[INFO]-[2021/09/04 17:36:56] Total 9850 files processed
[INFO]-[2021/09/04 17:36:56] Total 9900 files processed
[INFO]-[2021/09/04 17:36:56] Total 9950 files processed
[INFO]-[2021/09/04 17:36:57] Total 10000 files processed
[INFO]-[2021/09/04 17:36:57] Total 10050 files processed
[INFO]-[2021/09/04 17:36:57] Total 10100 files processed
[INFO]-[2021/09/04 17:36:58] Total 10150 files processed
[INFO]-[2021/09/04 17:36:58] Total 10200 files processed
[INFO]-[2021/09/04 17:36:58] Total 10250 files processed
[INFO]-[2021/09/04 17:36:59] Total 10300 files processed
[INFO]-[2021/09/04 17:36:59] Total 10350 files processed
[INFO]-[2021/09/04 17:36:59] Total 10400 files processed
[INFO]-[2021/09/04 17:36:59] Total 10450 files processed
[INFO]-[2021/09/04 17:37:00] Total 10500 files processed
[INFO]-[2021/09/04 17:37:00] Total 10550 files processed
[INFO]-[2021/09/04 17:37:00] Total 10600 files processed
[INFO]-[2021/09/04 17:37:01] Total 10650 files processed
[INFO]-[2021/09/04 17:37:01] Total 10700 files processed
[INFO]-[2021/09/04 17:37:01] Total 10750 files processed
[INFO]-[2021/09/04 17:37:02] Total 10800 files processed
[INFO]-[2021/09/04 17:37:02] Total 10850 files processed
[INFO]-[2021/09/04 17:37:02] Total 10900 files processed
[INFO]-[2021/09/04 17:37:03] Total 10950 files processed
[INFO]-[2021/09/04 17:37:03] Total 11000 files processed
[INFO]-[2021/09/04 17:37:03] Total 11050 files processed
[INFO]-[2021/09/04 17:37:04] Total 11100 files processed
[INFO]-[2021/09/04 17:37:04] Total 11150 files processed
[INFO]-[2021/09/04 17:37:04] Total 11200 files processed
[INFO]-[2021/09/04 17:37:04] Total 11250 files processed
[INFO]-[2021/09/04 17:37:05] Total 11300 files processed
[INFO]-[2021/09/04 17:37:05] Total 11350 files processed
[INFO]-[2021/09/04 17:37:05] Total 11400 files processed
[INFO]-[2021/09/04 17:37:06] Total 11450 files processed
[INFO]-[2021/09/04 17:37:06] Total 11500 files processed
[INFO]-[2021/09/04 17:37:06] Total 11550 files processed
[INFO]-[2021/09/04 17:37:07] Total 11600 files processed
[INFO]-[2021/09/04 17:37:07] Total 11650 files processed
[INFO]-[2021/09/04 17:37:07] Total 11700 files processed
[INFO]-[2021/09/04 17:37:08] Total 11750 files processed
[INFO]-[2021/09/04 17:37:08] Total 11800 files processed
[INFO]-[2021/09/04 17:37:08] Total 11850 files processed
[INFO]-[2021/09/04 17:37:09] Total 11900 files processed
[INFO]-[2021/09/04 17:37:09] Total 11950 files processed
[INFO]-[2021/09/04 17:37:09] Total 12000 files processed
[INFO]-[2021/09/04 17:37:09] Total 12050 files processed
[INFO]-[2021/09/04 17:37:10] Total 12100 files processed
[INFO]-[2021/09/04 17:37:10] Total 12150 files processed
[INFO]-[2021/09/04 17:37:10] Total 12200 files processed
[INFO]-[2021/09/04 17:37:11] Total 12250 files processed
[INFO]-[2021/09/04 17:37:11] Total 12300 files processed
[INFO]-[2021/09/04 17:37:11] Total 12350 files processed
[INFO]-[2021/09/04 17:37:12] Total 12400 files processed
[INFO]-[2021/09/04 17:37:12] Total 12450 files processed
[INFO]-[2021/09/04 17:37:12] Total 12500 files processed
[INFO]-[2021/09/04 17:37:13] Total 12550 files processed
[INFO]-[2021/09/04 17:37:13] Total 12600 files processed
[INFO]-[2021/09/04 17:37:13] Total 12650 files processed
[INFO]-[2021/09/04 17:37:13] Total 12700 files processed
[INFO]-[2021/09/04 17:37:14] Total 12750 files processed
[INFO]-[2021/09/04 17:37:14] Total 12800 files processed
[INFO]-[2021/09/04 17:37:14] Total 12850 files processed
[INFO]-[2021/09/04 17:37:15] Total 12900 files processed
[INFO]-[2021/09/04 17:37:15] Total 12950 files processed
[INFO]-[2021/09/04 17:37:15] Total 13000 files processed
[INFO]-[2021/09/04 17:37:16] Total 13050 files processed
[INFO]-[2021/09/04 17:37:16] Total 13100 files processed
[INFO]-[2021/09/04 17:37:16] Total 13150 files processed
[INFO]-[2021/09/04 17:37:16] Total 13200 files processed
[INFO]-[2021/09/04 17:37:17] Total 13250 files processed
[INFO]-[2021/09/04 17:37:17] Total 13300 files processed
[INFO]-[2021/09/04 17:37:17] Total 13350 files processed
[INFO]-[2021/09/04 17:37:18] Total 13400 files processed
[INFO]-[2021/09/04 17:37:18] Total 13450 files processed
[INFO]-[2021/09/04 17:37:18] Total 13500 files processed
[INFO]-[2021/09/04 17:37:19] Total 13550 files processed
[INFO]-[2021/09/04 17:37:19] Total 13600 files processed
[INFO]-[2021/09/04 17:37:19] Total 13650 files processed
[INFO]-[2021/09/04 17:37:20] Total 13700 files processed
[INFO]-[2021/09/04 17:37:20] Total 13750 files processed
[INFO]-[2021/09/04 17:37:20] Total 13800 files processed
[INFO]-[2021/09/04 17:37:20] Total 13850 files processed
[INFO]-[2021/09/04 17:37:21] Total 13900 files processed
[INFO]-[2021/09/04 17:37:21] Total 13950 files processed
[INFO]-[2021/09/04 17:37:21] Total 14000 files processed
[INFO]-[2021/09/04 17:37:22] Total 14050 files processed
[INFO]-[2021/09/04 17:37:22] Total 14100 files processed
[INFO]-[2021/09/04 17:37:22] Total 14150 files processed
[INFO]-[2021/09/04 17:37:23] Total 14200 files processed
[INFO]-[2021/09/04 17:37:23] Total 14250 files processed
[INFO]-[2021/09/04 17:37:23] Total 14300 files processed
[INFO]-[2021/09/04 17:37:24] Total 14350 files processed
[INFO]-[2021/09/04 17:37:24] Total 14400 files processed
[INFO]-[2021/09/04 17:37:24] Total 14450 files processed
[INFO]-[2021/09/04 17:37:25] Total 14500 files processed
[INFO]-[2021/09/04 17:37:25] Total 14550 files processed
[INFO]-[2021/09/04 17:37:25] Total 14600 files processed
[INFO]-[2021/09/04 17:37:25] Total 14650 files processed
[INFO]-[2021/09/04 17:37:26] Total 14700 files processed
[INFO]-[2021/09/04 17:37:27] Total 14750 files processed
[INFO]-[2021/09/04 17:37:27] Total 14800 files processed
[INFO]-[2021/09/04 17:37:27] Total 14850 files processed
[INFO]-[2021/09/04 17:37:27] Total 14900 files processed
[INFO]-[2021/09/04 17:37:28] Total 14950 files processed
[INFO]-[2021/09/04 17:37:28] Total 15000 files processed
[INFO]-[2021/09/04 17:37:28] Total 15050 files processed
[INFO]-[2021/09/04 17:37:29] Total 15100 files processed
[INFO]-[2021/09/04 17:37:29] Total 15150 files processed
[INFO]-[2021/09/04 17:37:29] Total 15200 files processed
[INFO]-[2021/09/04 17:37:30] Total 15250 files processed
[INFO]-[2021/09/04 17:37:30] Total 15300 files processed
[INFO]-[2021/09/04 17:37:30] Total 15350 files processed
[INFO]-[2021/09/04 17:37:31] Total 15400 files processed
[INFO]-[2021/09/04 17:37:31] Total 15450 files processed
[INFO]-[2021/09/04 17:37:31] Total 15500 files processed
[INFO]-[2021/09/04 17:37:32] Total 15550 files processed
[INFO]-[2021/09/04 17:37:32] Total 15600 files processed
[INFO]-[2021/09/04 17:37:32] Total 15650 files processed
[INFO]-[2021/09/04 17:37:32] Total 15700 files processed
[INFO]-[2021/09/04 17:37:33] Total 15750 files processed
[INFO]-[2021/09/04 17:37:33] Total 15800 files processed
[INFO]-[2021/09/04 17:37:34] Total 15850 files processed
[INFO]-[2021/09/04 17:37:34] Total 15900 files processed
[INFO]-[2021/09/04 17:37:34] Total 15950 files processed
[INFO]-[2021/09/04 17:37:35] Total 16000 files processed
[INFO]-[2021/09/04 17:37:35] Total 16050 files processed
[INFO]-[2021/09/04 17:37:35] Total 16100 files processed
[INFO]-[2021/09/04 17:37:36] Skipping big file: /opt/bitnami/wordpress/wp-content/uploads/2021/09/pexels-daria-shevtsova-1508665.jpg
[INFO]-[2021/09/04 17:37:36] Total 16150 files processed
[INFO]-[2021/09/04 17:37:36] Total 16200 files processed
[INFO]-[2021/09/04 17:37:37] Skipping big file: /opt/bitnami/wordpress/wp-content/uploads/2021/09/Food-Waste-Video-3.mp4
[INFO]-[2021/09/04 17:37:37] Total 16250 files processed
[INFO]-[2021/09/04 17:37:37] Total 16300 files processed
[INFO]-[2021/09/04 17:37:38] Total 16350 files processed
[INFO]-[2021/09/04 17:37:38] Total 16400 files processed
[INFO]-[2021/09/04 17:37:38] Skipping big file: /opt/bitnami/wordpress/wp-content/uploads/2021/08/Food-Waste-Video-1.mp4
[INFO]-[2021/09/04 17:37:38] Total 16450 files processed
[INFO]-[2021/09/04 17:37:39] Total 16500 files processed
[INFO]-[2021/09/04 17:37:39] Total 16550 files processed
[INFO]-[2021/09/04 17:37:39] Skipping big file: /opt/bitnami/wordpress/wp-content/uploads/2021/08/Food-Waste-Video-2-1.mp4
[INFO]-[2021/09/04 17:37:39] Total 16600 files processed
[INFO]-[2021/09/04 17:37:40] Total 16650 files processed
[INFO]-[2021/09/04 17:37:40] Total 16700 files processed
[INFO]-[2021/09/04 17:37:41] Total 16750 files processed
[INFO]-[2021/09/04 17:37:41] Total 16800 files processed
[INFO]-[2021/09/04 17:37:41] Skipping big file: /opt/bitnami/wordpress/wp-content/uploads/2021/08/Food-Waste-Video-2.mp4
[INFO]-[2021/09/04 17:37:41] Total 16850 files processed
[INFO]-[2021/09/04 17:37:42] Total 16900 files processed
[INFO]-[2021/09/04 17:37:42] Total 16950 files processed
[INFO]-[2021/09/04 17:37:42] Total 17000 files processed
[INFO]-[2021/09/04 17:37:43] Total 17050 files processed
[INFO]-[2021/09/04 17:37:43] Total 17100 files processed
[INFO]-[2021/09/04 17:37:43] Total 17150 files processed
[INFO]-[2021/09/04 17:37:44] Total 17200 files processed
[INFO]-[2021/09/04 17:37:44] Total 17250 files processed
[INFO]-[2021/09/04 17:37:45] Total 17300 files processed
[INFO]-[2021/09/04 17:37:45] Total 17350 files processed
[INFO]-[2021/09/04 17:37:45] Total 17400 files processed
[INFO]-[2021/09/04 17:37:46] Total 17450 files processed
[INFO]-[2021/09/04 17:37:46] Total 17500 files processed
[INFO]-[2021/09/04 17:37:47] Total 17550 files processed
[INFO]-[2021/09/04 17:37:47] Total 17600 files processed
[INFO]-[2021/09/04 17:37:47] Skipping big file: /opt/bitnami/wordpress/wp-content/backups-dup-lite/20210823_9797fb8656e86a614836_20210827050010_database.sql
[INFO]-[2021/09/04 17:37:47] Skipping big file: /opt/bitnami/wordpress/wp-content/backups-dup-lite/20210823_9797fb8656e86a614836_20210827050010_archive.zip
[INFO]-[2021/09/04 17:37:47] Skipping big file: /opt/bitnami/wordpress/wp-content/backups-dup-lite/20210823_1a0d1815ff39e7001400_20210823115325_archive.zip
[INFO]-[2021/09/04 17:37:47] Total 17650 files processed
[INFO]-[2021/09/04 17:37:48] Total 17700 files processed
[INFO]-[2021/09/04 17:37:48] Total 17750 files processed
[INFO]-[2021/09/04 17:37:48] Total 17800 files processed
[INFO]-[2021/09/04 17:37:49] Total 17850 files processed
[INFO]-[2021/09/04 17:37:49] Skipping big file: /opt/bitnami/wordpress/wp-content/updraft/backup_2021-08-28-0549_wwwta11dhvpatk_d18550806b3b-themes.zip
[INFO]-[2021/09/04 17:37:49] Skipping big file: /opt/bitnami/wordpress/wp-content/updraft/backup_2021-08-28-0549_wwwta11dhvpatk_d18550806b3b-uploads.zip
[INFO]-[2021/09/04 17:37:49] Skipping big file: /opt/bitnami/wordpress/wp-content/updraft/backup_2021-08-28-0549_wwwta11dhvpatk_d18550806b3b-plugins.zip
[INFO]-[2021/09/04 17:37:49] Total 17900 files processed
[INFO]-[2021/09/04 17:37:49] Total 17950 files processed
[INFO]-[2021/09/04 17:37:50] Total 18000 files processed
[INFO]-[2021/09/04 17:37:50] Total 18050 files processed
[INFO]-[2021/09/04 17:37:50] Total 18100 files processed
[INFO]-[2021/09/04 17:37:50] Total 18150 files processed
[INFO]-[2021/09/04 17:37:51] Total 18200 files processed
[INFO]-[2021/09/04 17:37:51] Total 18250 files processed
[INFO]-[2021/09/04 17:37:51] Total 18300 files processed
[INFO]-[2021/09/04 17:37:52] Total 18350 files processed
[INFO]-[2021/09/04 17:37:52] Total 18400 files processed
[INFO]-[2021/09/04 17:37:52] Total 18450 files processed
[INFO]-[2021/09/04 17:37:53] Total 18500 files processed
[INFO]-[2021/09/04 17:37:53] Total 18550 files processed
[INFO]-[2021/09/04 17:37:53] Total 18600 files processed
[INFO]-[2021/09/04 17:37:53] Total 18650 files processed
[INFO]-[2021/09/04 17:37:54] Total 18700 files processed
[INFO]-[2021/09/04 17:37:54] Total 18750 files processed
[INFO]-[2021/09/04 17:37:54] Total 18800 files processed
[INFO]-[2021/09/04 17:37:55] Total 18850 files processed
[INFO]-[2021/09/04 17:37:55] Total 18900 files processed
[INFO]-[2021/09/04 17:37:55] Total 18950 files processed
[INFO]-[2021/09/04 17:37:56] Total 19000 files processed
[INFO]-[2021/09/04 17:37:56] Total 19050 files processed
[INFO]-[2021/09/04 17:37:56] Total 19100 files processed
[INFO]-[2021/09/04 17:37:57] Total 19150 files processed
[INFO]-[2021/09/04 17:37:57] Total 19200 files processed
[INFO]-[2021/09/04 17:37:57] Total 19250 files processed
[INFO]-[2021/09/04 17:37:57] Total 19300 files processed
[INFO]-[2021/09/04 17:37:58] Total 19350 files processed
[INFO]-[2021/09/04 17:37:58] Total 19400 files processed
[INFO]-[2021/09/04 17:37:58] Total 19450 files processed
[INFO]-[2021/09/04 17:37:59] Total 19500 files processed
[INFO]-[2021/09/04 17:37:59] Total 19550 files processed
[INFO]-[2021/09/04 17:37:59] Total 19600 files processed
[INFO]-[2021/09/04 17:38:00] Total 19650 files processed
[INFO]-[2021/09/04 17:38:00] Total 19700 files processed
[INFO]-[2021/09/04 17:38:01] Total 19750 files processed
[INFO]-[2021/09/04 17:38:01] Total 19800 files processed
[INFO]-[2021/09/04 17:38:01] Total 19850 files processed
[INFO]-[2021/09/04 17:38:02] Total 19900 files processed
[INFO]-[2021/09/04 17:38:02] Total 19950 files processed
[INFO]-[2021/09/04 17:38:02] Total 20000 files processed
[INFO]-[2021/09/04 17:38:03] Total 20050 files processed
[INFO]-[2021/09/04 17:38:03] Total 20100 files processed
[INFO]-[2021/09/04 17:38:03] Total 20150 files processed
[INFO]-[2021/09/04 17:38:04] Total 20200 files processed
[INFO]-[2021/09/04 17:38:04] Total 20250 files processed
[INFO]-[2021/09/04 17:38:04] Total 20300 files processed
[INFO]-[2021/09/04 17:38:05] Total 20350 files processed
[INFO]-[2021/09/04 17:38:05] Total 20400 files processed
[INFO]-[2021/09/04 17:38:05] Total 20450 files processed
[INFO]-[2021/09/04 17:38:06] Total 20500 files processed
[INFO]-[2021/09/04 17:38:06] Total 20550 files processed
[INFO]-[2021/09/04 17:38:06] Total 20600 files processed
[INFO]-[2021/09/04 17:38:06] Total 20650 files processed
[INFO]-[2021/09/04 17:38:07] Total 20700 files processed
[INFO]-[2021/09/04 17:38:07] Total 20750 files processed
[INFO]-[2021/09/04 17:38:07] Total 20800 files processed
[INFO]-[2021/09/04 17:38:08] Total 20850 files processed
[INFO]-[2021/09/04 17:38:08] Total 20900 files processed
[INFO]-[2021/09/04 17:38:08] Total 20950 files processed
[INFO]-[2021/09/04 17:38:09] Total 21000 files processed
[INFO]-[2021/09/04 17:38:09] Total 21050 files processed
[INFO]-[2021/09/04 17:38:09] Total 21100 files processed
[INFO]-[2021/09/04 17:38:10] Total 21150 files processed
[INFO]-[2021/09/04 17:38:10] Total 21200 files processed
[INFO]-[2021/09/04 17:38:10] Total 21250 files processed
[INFO]-[2021/09/04 17:38:10] Total 21300 files processed
[INFO]-[2021/09/04 17:38:11] Total 21350 files processed
[INFO]-[2021/09/04 17:38:11] Total 21400 files processed
[INFO]-[2021/09/04 17:38:11] Total 21450 files processed
[INFO]-[2021/09/04 17:38:12] Total 21500 files processed
[INFO]-[2021/09/04 17:38:12] Total 21550 files processed
[INFO]-[2021/09/04 17:38:12] Total 21600 files processed
[INFO]-[2021/09/04 17:38:13] Total 21650 files processed
[INFO]-[2021/09/04 17:38:13] Total 21700 files processed
[INFO]-[2021/09/04 17:38:13] Total 21750 files processed
[INFO]-[2021/09/04 17:38:14] Total 21800 files processed
[INFO]-[2021/09/04 17:38:14] Total 21850 files processed
[INFO]-[2021/09/04 17:38:14] Total 21900 files processed
[INFO]-[2021/09/04 17:38:14] Total 21950 files processed
[INFO]-[2021/09/04 17:38:15] Total 22000 files processed
[INFO]-[2021/09/04 17:38:15] Total 22050 files processed
[INFO]-[2021/09/04 17:38:15] Total 22100 files processed
[INFO]-[2021/09/04 17:38:16] Total 22150 files processed
[INFO]-[2021/09/04 17:38:16] Total 22200 files processed
[INFO]-[2021/09/04 17:38:16] Total 22250 files processed
[INFO]-[2021/09/04 17:38:17] Total 22300 files processed
[INFO]-[2021/09/04 17:38:17] Total 22350 files processed
[INFO]-[2021/09/04 17:38:17] Total 22400 files processed
[INFO]-[2021/09/04 17:38:18] Total 22450 files processed
[INFO]-[2021/09/04 17:38:18] Total 22500 files processed
[INFO]-[2021/09/04 17:38:18] Total 22550 files processed
[INFO]-[2021/09/04 17:38:18] Total 22600 files processed
[INFO]-[2021/09/04 17:38:19] Total 22650 files processed
[INFO]-[2021/09/04 17:38:19] Total 22700 files processed
[INFO]-[2021/09/04 17:38:19] Total 22750 files processed
[INFO]-[2021/09/04 17:38:20] Total 22800 files processed
[INFO]-[2021/09/04 17:38:20] Total 22850 files processed
[INFO]-[2021/09/04 17:38:20] Total 22900 files processed
[INFO]-[2021/09/04 17:38:21] Total 22950 files processed
[INFO]-[2021/09/04 17:38:21] Total 23000 files processed
[INFO]-[2021/09/04 17:38:21] Total 23050 files processed
[INFO]-[2021/09/04 17:38:22] Total 23100 files processed
[INFO]-[2021/09/04 17:38:22] Total 23150 files processed
[INFO]-[2021/09/04 17:38:22] Total 23200 files processed
[INFO]-[2021/09/04 17:38:22] Total 23250 files processed
[INFO]-[2021/09/04 17:38:23] Total 23300 files processed
[INFO]-[2021/09/04 17:38:23] Total 23350 files processed
[INFO]-[2021/09/04 17:38:23] Total 23400 files processed
[INFO]-[2021/09/04 17:38:24] Total 23450 files processed
[INFO]-[2021/09/04 17:38:24] Total 23500 files processed
[INFO]-[2021/09/04 17:38:24] Total 23550 files processed
[INFO]-[2021/09/04 17:38:25] Total 23600 files processed
[INFO]-[2021/09/04 17:38:25] Total 23650 files processed
[INFO]-[2021/09/04 17:38:25] Total 23700 files processed
[INFO]-[2021/09/04 17:38:26] Total 23750 files processed
[INFO]-[2021/09/04 17:38:26] Total 23800 files processed
[INFO]-[2021/09/04 17:38:26] Total 23850 files processed
[INFO]-[2021/09/04 17:38:26] Total 23900 files processed
[INFO]-[2021/09/04 17:38:27] Total 23950 files processed
[INFO]-[2021/09/04 17:38:27] Total 24000 files processed
[INFO]-[2021/09/04 17:38:27] Total 24050 files processed
[INFO]-[2021/09/04 17:38:28] Total 24100 files processed
[INFO]-[2021/09/04 17:38:28] Total 24150 files processed
[INFO]-[2021/09/04 17:38:28] Total 24200 files processed
[INFO]-[2021/09/04 17:38:29] Total 24250 files processed
[INFO]-[2021/09/04 17:38:29] Total 24300 files processed
[INFO]-[2021/09/04 17:38:29] Total 24350 files processed
[INFO]-[2021/09/04 17:38:30] Total 24400 files processed
[INFO]-[2021/09/04 17:38:30] Total 24450 files processed
[INFO]-[2021/09/04 17:38:30] Total 24500 files processed
[INFO]-[2021/09/04 17:38:30] Total 24550 files processed
[INFO]-[2021/09/04 17:38:31] Total 24600 files processed
[INFO]-[2021/09/04 17:38:31] Total 24650 files processed
[INFO]-[2021/09/04 17:38:31] Total 24700 files processed
[INFO]-[2021/09/04 17:38:32] Total 24750 files processed
[INFO]-[2021/09/04 17:38:33] Total 24800 files processed
[INFO]-[2021/09/04 17:38:33] Total 24850 files processed
[INFO]-[2021/09/04 17:38:33] Total 24900 files processed
[INFO]-[2021/09/04 17:38:34] Total 24950 files processed
[INFO]-[2021/09/04 17:38:34] Total 25000 files processed
[INFO]-[2021/09/04 17:38:34] Total 25050 files processed
[INFO]-[2021/09/04 17:38:35] Total 25100 files processed
[INFO]-[2021/09/04 17:38:35] Total 25150 files processed
[INFO]-[2021/09/04 17:38:35] Total 25200 files processed
[INFO]-[2021/09/04 17:38:36] Total 25250 files processed
[INFO]-[2021/09/04 17:38:36] Total 25300 files processed
[INFO]-[2021/09/04 17:38:36] Total 25350 files processed
[INFO]-[2021/09/04 17:38:37] Total 25400 files processed
[INFO]-[2021/09/04 17:38:37] Total 25450 files processed
[INFO]-[2021/09/04 17:38:37] Total 25500 files processed
[WARNING]-[2021/09/04 17:38:38] File doesn't exist /opt/bitnami/wordpress/
[INFO]-[2021/09/04 17:38:38] Skipped symlinking Wp Uploads Folder
[INFO]-[2021/09/04 17:38:38] Copying files finished
[INFO]-[2021/09/04 17:38:38] DB Data Step0: Copy wp-config.php file
[INFO]-[2021/09/04 17:38:38] DB Data Step0: Can not find /opt/bitnami/wordpress/1630776901892/wp-config.php
[INFO]-[2021/09/04 17:38:38] DB Data Step0: Can not find /opt/bitnami/wp-config.php
[INFO]-[2021/09/04 17:38:38] DB Data Step0: Copy default wp-config.php file from source /bitnami/wordpress/wp-content/plugins/wp-staging/Backend/helpers/wp-config.php to /opt/bitnami/wordpress/1630776901892/wp-config.php
[INFO]-[2021/09/04 17:38:38] DB Data Step1: Updating siteurl and homeurl in wpstg2_options to https://www.ta11dhvpa.tk/1630776901892
[INFO]-[2021/09/04 17:38:39] DB Data Step2: Updating wpstg2_options 
[INFO]-[2021/09/04 17:38:39] DB Data Step3: Updating db prefix in wpstg2_usermeta.
[INFO]-[2021/09/04 17:38:39] DB Data Step4: Updating table_prefix in /opt/bitnami/wordpress/1630776901892/wp-config.php to wpstg2_
[INFO]-[2021/09/04 17:38:40] DB Data Step5: WP installation is not in a subdirectory! Skipping this step
[INFO]-[2021/09/04 17:38:40] DB Data Step6: Updating db prefix in wpstg2_options.
[INFO]-[2021/09/04 17:38:40] DB Data Step7: Updating constants in wp-config.php
[INFO]-[2021/09/04 17:38:40] DB Data Step7: Added:UPLOADS
[INFO]-[2021/09/04 17:38:40] DB Data Step7: Added:WP_PLUGIN_DIR
[INFO]-[2021/09/04 17:38:40] DB Data Step7: Added:WP_LANG_DIR
[INFO]-[2021/09/04 17:38:40] DB Data Step7: Added:WP_HOME
[INFO]-[2021/09/04 17:38:40] DB Data Step7: Added:WP_SITEURL
[INFO]-[2021/09/04 17:38:40] DB Data Step7: Added:WP_CACHE
[INFO]-[2021/09/04 17:38:40] DB Data Step7: Added:WP_ENVIRONMENT_TYPE
[INFO]-[2021/09/04 17:38:40] DB Data Step7: Skipping: WP_ALLOW_MULTISITE not defined in wp-config.php.
[INFO]-[2021/09/04 17:38:40] DB Data Step7: Skipping: MULTISITE not defined in wp-config.php.
[INFO]-[2021/09/04 17:38:41] Finish: Deleting clone job's cache files...
[INFO]-[2021/09/04 17:38:41] Finish: Clone job's cache files have been deleted!
[INFO]-[2021/09/04 17:38:41] Finish: Verifying existing clones...
[INFO]-[2021/09/04 17:38:41] Finish: The job finished!
